Build started 1/25/2012 5:04:04 PM.
     1>Project "N:\FireProject_Part2\LookupTable\BuildLookupFVS\BuildLookupFVS\BuildLookupFVS.vcxproj" on node 2 (build target(s)).
     1>InitializeBuildStatus:
         Touching "Debug\BuildLookupFVS.unsuccessfulbuild".
       ClCompile:
         C:\Program Files (x86)\Microsoft Visual Studio 10.0\VC\bin\CL.exe /c /I"C:\Program Files (x86)\Microsoft Office\Office14\ACEDAO.DLL" /ZI /nologo /W3 /WX- /Od /Oy- /D WIN32 /D _DEBUG /D _CONSOLE /D _UNICODE /D UNICODE /D _AFXDLL /Gm /EHsc /RTC1 /MDd /GS /fp:precise /Zc:wchar_t /Zc:forScope /Fo"Debug\\" /Fd"Debug\vc100.pdb" /Gd /TP /analyze- /errorReport:prompt Sclass.cpp
         Sclass.cpp
     1>n:\fireproject_part2\lookuptable\buildlookupfvs\buildlookupfvs\sclass.cpp(265): warning C4996: 'strcpy': This function or variable may be unsafe. Consider using strcpy_s instead. To disable deprecation, use _CRT_SECURE_NO_WARNINGS. See online help for details.
                 c:\program files (x86)\microsoft visual studio 10.0\vc\include\string.h(105) : see declaration of 'strcpy'
       ManifestResourceCompile:
         All outputs are up-to-date.
       Link:
         C:\Program Files (x86)\Microsoft Visual Studio 10.0\VC\bin\link.exe /ERRORREPORT:PROMPT /OUT:"N:\FireProject_Part2\LookupTable\BuildLookupFVS\Debug\BuildLookupFVS.exe" /INCREMENTAL /NOLOGO /MANIFEST /ManifestFile:"Debug\BuildLookupFVS.exe.intermediate.manifest" /MANIFESTUAC:"level='asInvoker' uiAccess='false'" /DEBUG /PDB:"N:\FireProject_Part2\LookupTable\BuildLookupFVS\Debug\BuildLookupFVS.pdb" /SUBSYSTEM:CONSOLE /TLBID:1 /DYNAMICBASE /NXCOMPAT /IMPLIB:"N:\FireProject_Part2\LookupTable\BuildLookupFVS\Debug\BuildLookupFVS.lib" /MACHINE:X86 Debug\BuildLookupFVS.exe.embed.manifest.res
         Debug\buildInputFile.obj
         Debug\BuildLookupFVS.obj
         Debug\DatabaseProcessing.obj
         Debug\Sclass.obj
         Debug\stdafx.obj
       Manifest:
         C:\Program Files (x86)\Microsoft SDKs\Windows\v7.0A\bin\mt.exe /nologo /verbose /out:"Debug\BuildLookupFVS.exe.embed.manifest" /manifest Debug\BuildLookupFVS.exe.intermediate.manifest "C:\Program Files (x86)\Microsoft Visual Studio 10.0\VC\Include\Manifest\dpiaware.manifest"
         All outputs are up-to-date.
       LinkEmbedManifest:
         C:\Program Files (x86)\Microsoft Visual Studio 10.0\VC\bin\link.exe /ERRORREPORT:PROMPT /OUT:"N:\FireProject_Part2\LookupTable\BuildLookupFVS\Debug\BuildLookupFVS.exe" /INCREMENTAL /NOLOGO /MANIFEST /ManifestFile:"Debug\BuildLookupFVS.exe.intermediate.manifest" /MANIFESTUAC:"level='asInvoker' uiAccess='false'" /DEBUG /PDB:"N:\FireProject_Part2\LookupTable\BuildLookupFVS\Debug\BuildLookupFVS.pdb" /SUBSYSTEM:CONSOLE /TLBID:1 /DYNAMICBASE /NXCOMPAT /IMPLIB:"N:\FireProject_Part2\LookupTable\BuildLookupFVS\Debug\BuildLookupFVS.lib" /MACHINE:X86 Debug\BuildLookupFVS.exe.embed.manifest.res
         Debug\buildInputFile.obj
         Debug\BuildLookupFVS.obj
         Debug\DatabaseProcessing.obj
         Debug\Sclass.obj
         Debug\stdafx.obj
         BuildLookupFVS.vcxproj -> N:\FireProject_Part2\LookupTable\BuildLookupFVS\Debug\BuildLookupFVS.exe
       FinalizeBuildStatus:
         Deleting file "Debug\BuildLookupFVS.unsuccessfulbuild".
         Touching "Debug\BuildLookupFVS.lastbuildstate".
     1>Done Building Project "N:\FireProject_Part2\LookupTable\BuildLookupFVS\BuildLookupFVS\BuildLookupFVS.vcxproj" (build target(s)).

Build succeeded.

Time Elapsed 00:00:05.42
