        FOREST VEGETATION SIMULATOR     VERSION 3845 -- S. CEN. OREGON/N.E. CALIF. PROGNOSIS   RV:02/16/11    01-12-2012  15:54:34

----------------------------------------------------------------------------------------------------------------------------------

                                                OPTIONS SELECTED BY INPUT

KEYWORD FILE NAME: ..\..\FVSInputFiles\49.key
----------------------------------------------------------------------------------------------------------------------------------
KEYWORD    PARAMETERS:
--------   -----------------------------------------------------------------------------------------------------------------------

STDIDENT
           STAND ID= 49                                                                                                        

STANDCN    DATA BASE CONTROL NUMBER=49

MGMTID  
           MANAGEMENT ID=     

INVYEAR    INVENTORY YEAR= 2007

NUMCYCLE   NUMBER OF CYCLES= 20

TIMEINT    ALL CYCLES;  PERIOD LENGTH=  5

SCREEN     SUMMARY TABLE WILL BE PRINTED TO DATA SET REFERENCE NUMBER     6 AS RUN PROGRESSES.

DATABASE   DATABASE KEYWORDS:

DSNIN      DSN FOR INPUT CONNECTION IS ..\..\FVSInputFiles\RealSAStands.mdb
           CONNECTION DATA BASE TYPE:ACCESS

STANDSQL   STANDSQL COMMAND FOR INPUT CONNECTION: ..\..\FVSInputFiles\RealSAStands.mdb
           SELECT * FROM StandsSAReal
           WHERE tree_cn = '%stand_cn%'

           STAND-LEVEL DATA BASE READ:
           INV_YEAR:               2007

           PLANT COMMUNITY CODE USED IN THIS PROJECTION IS CLS211  
           HABITAT/PV_CODE:      CLS211
           PV REFERENCE CODE:       639
           ASPECT:                  0.0
           SLOPE:                  5.00
           ELEVFT:               4300.0 CONVERTED TO:   43.0
           BASAL_AREA_FACTOR:       0.0
           INV_PLOT_SIZE:            1.
           BRK_DBH:               999.0
           NUM_PLOTS:                 1
           NONSTK_PLOTS:              0
           SAM_WT:            15.000000
           END OF DATA BASE READ.

DSNIN      DSN FOR INPUT CONNECTION IS ..\..\FVSInputFiles\RealSAStands.mdb
           CONNECTION DATA BASE TYPE:ACCESS

TREESQL    TREESQL COMMAND FOR INPUT CONNECTION: ..\..\FVSInputFiles\RealSAStands.mdb
           SELECT * FROM TreesSAReal
           WHERE tree_cn = (SELECT tree_cn FROM StandsSAReal
           WHERE tree_cn = '%stand_cn%')

           COLUMN PROCESSING RESULTS:
           ID              WAS IGNORED
           TREE_CN         WAS IGNORED
           TREE_CN_NUMERIC WAS IGNORED
           PRDLEN          WAS IGNORED
           STAND_CN_MSN    WAS IGNORED
           YEAR            WAS IGNORED
           TREE_ID         WAS BOUND
           SPECIES         WAS BOUND
           TREEVALUE       WAS BOUND
           SSCD            WAS IGNORED
           MORTPA          WAS IGNORED
           PTINDEX         WAS IGNORED
           TREE_COUNT      WAS BOUND
           DBH             WAS BOUND
           DG              WAS BOUND
           CRRATIO         WAS BOUND
           HT              WAS BOUND
           HTG             WAS BOUND
           BAPCTILE        WAS IGNORED
           CRWIDTH         WAS IGNORED
           MISTCD          WAS IGNORED
           TRUNCHT         WAS IGNORED
                           WAS IGNORED
           NUMBER ROWS PROCESSED:   29

END        END OF DATA BASE OPTIONS.

TREELIST   DATE/CYCLE=    0; DATA SET REFERENCE NUMBER = 50.; HEADING SUPPRESSION CODE = 0.
           (0=WITH HEADING, OTHER VALUES=SUPPRESS HEADING).

COMPUTE    DATE/CYCLE=    0; DEFINE THE FOLLOWING:

           canopy = acancov
           fml = fuelmods(1,1)
           htt = ATOPHT
           htlive = crbaseht
           cbd = crbulkdn
           yr = year
           sdi = BSDI
           ba = BBA
           tpa = BTPA

END

FMIN       FIRE MODEL KEYWORDS:

FUELOUT    THE ALL FUELS REPORT WILL BEGIN PRINTING IN DATE/CYCLE    1,
           FOR  200 YEARS USING  1 YEAR INCREMENTS.

BURNREPT   THE BURN CONDITIONS REPORT WILL BE WRITTEN WHEN A FIRE OCCURS.
           REPORTING WILL BEGIN IN DATE/CYCLE    1 AND WILL CONTINUE FOR 200 YEARS.

FIRECALC   FIRE CALCULATIONS IN DATE/CYCLE    0 WILL BE:
           BASED ON METHOD 1 (0=OLD FM LOGIC, 1=NEW FM LOGIC, 2=USE MODELLED LOADS DIRECTLY)
           FUEL MODEL SET (IF USING NEW FM LOGIC) WILL BE 0 (0=13, 1=40, 2=53)
           ONE-HOUR SAV (1/FT) WILL BE:  2000.
           HERB SAV (1/FT) WILL BE:  1800.
           LIVE WOODY SAV (1/FT) WILL BE:  1500.
           LIVE FUEL BULK DENSITY (LBS/FT3) WILL BE: 0.10
           DEAD FUEL BULK DENSITY (LBS/FT3) WILL BE: 0.75
           HEAT CONTENT (BTU/LB) WILL BE:  8000.

SOILHEAT   SOIL HEATING WILL BE ESTIMATED AND REPORTED WHEN A FIRE OCCURS.
           REPORTING WILL BEGIN IN DATE/CYCLE    1 AND WILL CONTINUE FOR 200 YEARS.
           SOIL TYPE IS SET TO    3

END        END OF FIRE MODEL OPTIONS.

STRCLASS   STAND STRUCTURAL CLASSES WILL BE COMPUTED.
           OUTPUT PRINTING CODE =  1. (0=NO OUTPUT, 1=PRINT)
           THE PERCENTAGE OF A TREE HEIGHT THAT A GAP MUST EXCEED =          30.0
           THE DBH BREAK BETWEEN SEEDLING/SAPLINGS AND POLE-SIZED TREES =     5.0
           THE DBH BREAK BETWEEN POLE-SIZED AND LARGE, OLDER, TREES =        16.0
           THE MINIMUM COVER PERCENT TO QUALIFY A POTENTIAL STRATUM =        20.0
           THE MINIMUM TREE/ACRE TO BE CLASSIFIED STAND INITIATION =         50.0
           THE MINIMUM PERCENT OF MAXSDI TO BE CLASSIFIED STEM EXCLUSION =   35.0

ECHOSUM    SUMMARY OUTPUT WILL BE WRITTEN TO FILE REFERENCED BY NUMBER  4

DATABASE   DATABASE KEYWORDS:

DSNOUT     DSN FOR OUTPUT CONNECTION IS ..\..\FVSOutputFiles\outputs.mdb
           CONNECTION DATA BASE TYPE:ACCESS

SUMMARY    SUMMARY STATISTICS SENT TO CONNECTION ..\..\FVSOutputFiles\outputs.mdb

COMPUTE    COMPUTE VARIABLES SENT TO CONNECTION ..\..\FVSOutputFiles\outputs.mdb
           ADD NEW VARIABLES TO EXISTING TABLE: YES
           INCLUDE VARIABLES STARTING WITH UNDERSCORE: NO 

TREELIST   TREE INFORMATION FROM OUTPUT SENT TO CONNECTION ..\..\FVSOutputFiles\outputs.mdb
           SPECIES CODE OUTPUT FORMAT: NORMAL  
           CREATE TEXT FILE REPORT: YES

END        END OF DATA BASE OPTIONS.

PROCESS    PROCESS THE STAND.
----------------------------------------------------------------------------------------------------------------------------------

                                                OPTIONS SELECTED BY DEFAULT

----------------------------------------------------------------------------------------------------------------------------------

TREEFMT    (I4,T1,I7,F6.0,I1,A3,F4.1,F3.1,2F3.0,F4.1,I1,3(I2,I2),2I1,I2,2I3,2I1,F3.0)      
                                                                                           

DESIGN     BASAL AREA FACTOR=    0.0; INVERSE OF FIXED PLOT AREA=    1.0; BREAK DBH=  999.0
           NUMBER OF PLOTS=     1; NON-STOCKABLE PLOTS=     0; STAND SAMPLING WEIGHT=    15.00000
           PROPORTION OF STAND CONSIDERED STOCKABLE=  1.000

STDINFO    FOREST-LOCATION CODE=     601; HABITAT TYPE=439; AGE=    0; ASPECT AZIMUTH IN DEGREES=   0.; SLOPE=   5.%
           ELEVATION(100'S FEET)= 43.0;  REFERENCE CODE= 639 

SPECIES      WP      SP      DF      WF      MH      IC      LP      ES      SH      PP
SDI MAX     335.    335.    574.    493.    567.    335.    405.    493.    561.    321.

SPECIES      WJ      GF      AF      SF      NF      WB      WL      RC      WH      PY
SDI MAX     374.    493.    493.    493.    493.    187.    187.    487.    487.    487.

SPECIES      WA      RA      BM      AS      CW      CH      WO      WI      GC      MC
SDI MAX     150.    225.    225.    187.    187.    150.    150.    112.    187.     75.

SPECIES      MB      OS      OH
SDI MAX      75.    335.    187.

                                  NATIONAL VOLUME ESTIMATOR LIBRARY EQUATION NUMBERS
SPECIES CUBIC FOOT BOARD FOOT SPECIES CUBIC FOOT BOARD FOOT SPECIES CUBIC FOOT BOARD FOOT SPECIES CUBIC FOOT BOARD FOOT 
------- ---------- ---------- ------- ---------- ---------- ------- ---------- ---------- ------- ---------- ---------- 
  WP    616BEHW119 616BEHW119   SP    616BEHW117 616BEHW117   DF    I11FW2W017 I11FW2W017   WF    I00FW2W017 I00FW2W017
  MH    616BEHW264 616BEHW264   IC    I11FW2W242 I11FW2W242   LP    I11FW2W108 I11FW2W108   ES    616BEHW093 616BEHW093
  SH    616BEHW021 616BEHW021   PP    I11FW2W122 I11FW2W122   WJ    616BEHW064 616BEHW064   GF    I00FW2W017 I00FW2W017
  AF    616BEHW019 616BEHW019   SF    616BEHW011 616BEHW011   NF    616BEHW022 616BEHW022   WB    616BEHW101 616BEHW101
  WL    I11FW2W073 I11FW2W073   RC    616BEHW242 616BEHW242   WH    616BEHW263 616BEHW263   PY    616BEHW231 616BEHW231
  WA    616BEHW352 616BEHW352   RA    616BEHW351 616BEHW351   BM    616BEHW312 616BEHW312   AS    616BEHW746 616BEHW746
  CW    616BEHW747 616BEHW747   CH    616BEHW768 616BEHW768   WO    616BEHW815 616BEHW815   WI    616BEHW920 616BEHW920
  GC    616BEHW431 616BEHW431   MC    616BEHW475 616BEHW475   MB    616BEHW478 616BEHW478   OS    616BEHW298 616BEHW298
  OH    616BEHW998 616BEHW998

SITECODE   SITE INDEX INFORMATION:
            WP=   46.;  SP=   74.;  DF=   41.;  WF=   41.;  MH=   19.;  IC=   41.;  LP=   46.;  ES=   66.; SH=   31.
            PP=   74.;  WJ=   16.;  GF=   41.;  AF=   71.;  SF=   41.;  NF=   73.;  WB=   34.;  WL=   42.; RC=   76.
            WH=   43.;  PY=   72.;  WA=   72.;  RA=   18.;  BM=   72.;  AS=   41.;  CW=   72.;  CH=   72.; WO=   45.
            WI=   72.;  GC=   72.;  MC=   72.;  MB=   72.;  OS=   41.;  OH=   72.
           SITE SPECIES=LP CODE=    7

INVENTORY POINT CROSS REFERENCE (FVS SEQUENTIAL POINT NUMBER = POINT NUMBER AS ENTERED IN THE INPUT DATA):
  1=       0
----------------------------------------------------------------------------------------------------------------------------------


                                                     ACTIVITY SCHEDULE

STAND ID= 49                            MGMT ID=                                                                                 

----------------------------------------------------------------------------------------------------------------------------------

CYCLE  DATE  EXTENSION  KEYWORD   DATE  PARAMETERS:
-----  ----  ---------  --------  ----  ------------------------------------------------------------------------------------------

   1   2007
               FIRE     FUELOUT   2007      200.00      1.00
               FIRE     BURNREPT  2007      200.00
               FIRE     SOILHEAT  2007      200.00      3.00
               BASE     TREELIST  2007       50.00      0.00
               CMPU     CANOPY    2007        0.00
               CMPU     FML       2007        0.00
               CMPU     HTT       2007        0.00
               CMPU     HTLIVE    2007        0.00
               CMPU     CBD       2007        0.00
               CMPU     YR        2007        0.00
               CMPU     SDI       2007        0.00
               CMPU     BA        2007        0.00
               CMPU     TPA       2007        0.00
               FIRE     FIRECALC  2007        1.00      0.00   2000.00   1800.00   1500.00      0.10      0.75   8000.00

   2   2012
               BASE     TREELIST  2012       50.00      0.00
               CMPU     CANOPY    2012        0.00
               CMPU     FML       2012        0.00
               CMPU     HTT       2012        0.00
               CMPU     HTLIVE    2012        0.00
               CMPU     CBD       2012        0.00
               CMPU     YR        2012        0.00
               CMPU     SDI       2012        0.00
               CMPU     BA        2012        0.00
               CMPU     TPA       2012        0.00
               FIRE     FIRECALC  2012        1.00      0.00   2000.00   1800.00   1500.00      0.10      0.75   8000.00

   3   2017
               BASE     TREELIST  2017       50.00      0.00
               CMPU     CANOPY    2017        0.00
               CMPU     FML       2017        0.00
               CMPU     HTT       2017        0.00
               CMPU     HTLIVE    2017        0.00
               CMPU     CBD       2017        0.00
               CMPU     YR        2017        0.00
               CMPU     SDI       2017        0.00
               CMPU     BA        2017        0.00
               CMPU     TPA       2017        0.00
               FIRE     FIRECALC  2017        1.00      0.00   2000.00   1800.00   1500.00      0.10      0.75   8000.00

   4   2022
               BASE     TREELIST  2022       50.00      0.00
               CMPU     CANOPY    2022        0.00
               CMPU     FML       2022        0.00
               CMPU     HTT       2022        0.00
               CMPU     HTLIVE    2022        0.00
               CMPU     CBD       2022        0.00
               CMPU     YR        2022        0.00
               CMPU     SDI       2022        0.00
               CMPU     BA        2022        0.00
               CMPU     TPA       2022        0.00
               FIRE     FIRECALC  2022        1.00      0.00   2000.00   1800.00   1500.00      0.10      0.75   8000.00

   5   2027
               BASE     TREELIST  2027       50.00      0.00
               CMPU     CANOPY    2027        0.00
               CMPU     FML       2027        0.00
               CMPU     HTT       2027        0.00
               CMPU     HTLIVE    2027        0.00
               CMPU     CBD       2027        0.00
               CMPU     YR        2027        0.00
               CMPU     SDI       2027        0.00
               CMPU     BA        2027        0.00
               CMPU     TPA       2027        0.00
               FIRE     FIRECALC  2027        1.00      0.00   2000.00   1800.00   1500.00      0.10      0.75   8000.00

   6   2032
               BASE     TREELIST  2032       50.00      0.00
               CMPU     CANOPY    2032        0.00
               CMPU     FML       2032        0.00
               CMPU     HTT       2032        0.00
               CMPU     HTLIVE    2032        0.00
               CMPU     CBD       2032        0.00
               CMPU     YR        2032        0.00
               CMPU     SDI       2032        0.00
               CMPU     BA        2032        0.00
               CMPU     TPA       2032        0.00
               FIRE     FIRECALC  2032        1.00      0.00   2000.00   1800.00   1500.00      0.10      0.75   8000.00

   7   2037
               BASE     TREELIST  2037       50.00      0.00
               CMPU     CANOPY    2037        0.00
               CMPU     FML       2037        0.00
               CMPU     HTT       2037        0.00
               CMPU     HTLIVE    2037        0.00
               CMPU     CBD       2037        0.00
               CMPU     YR        2037        0.00
               CMPU     SDI       2037        0.00
               CMPU     BA        2037        0.00
               CMPU     TPA       2037        0.00
               FIRE     FIRECALC  2037        1.00      0.00   2000.00   1800.00   1500.00      0.10      0.75   8000.00

   8   2042
               BASE     TREELIST  2042       50.00      0.00
               CMPU     CANOPY    2042        0.00
               CMPU     FML       2042        0.00
               CMPU     HTT       2042        0.00
               CMPU     HTLIVE    2042        0.00
               CMPU     CBD       2042        0.00
               CMPU     YR        2042        0.00
               CMPU     SDI       2042        0.00
               CMPU     BA        2042        0.00
               CMPU     TPA       2042        0.00
               FIRE     FIRECALC  2042        1.00      0.00   2000.00   1800.00   1500.00      0.10      0.75   8000.00

   9   2047
               BASE     TREELIST  2047       50.00      0.00
               CMPU     CANOPY    2047        0.00
               CMPU     FML       2047        0.00
               CMPU     HTT       2047        0.00
               CMPU     HTLIVE    2047        0.00
               CMPU     CBD       2047        0.00
               CMPU     YR        2047        0.00
               CMPU     SDI       2047        0.00
               CMPU     BA        2047        0.00
               CMPU     TPA       2047        0.00
               FIRE     FIRECALC  2047        1.00      0.00   2000.00   1800.00   1500.00      0.10      0.75   8000.00

  10   2052
               BASE     TREELIST  2052       50.00      0.00
               CMPU     CANOPY    2052        0.00
               CMPU     FML       2052        0.00
               CMPU     HTT       2052        0.00
               CMPU     HTLIVE    2052        0.00
               CMPU     CBD       2052        0.00
               CMPU     YR        2052        0.00
               CMPU     SDI       2052        0.00
               CMPU     BA        2052        0.00
               CMPU     TPA       2052        0.00
               FIRE     FIRECALC  2052        1.00      0.00   2000.00   1800.00   1500.00      0.10      0.75   8000.00

  11   2057
               BASE     TREELIST  2057       50.00      0.00
               CMPU     CANOPY    2057        0.00
               CMPU     FML       2057        0.00
               CMPU     HTT       2057        0.00
               CMPU     HTLIVE    2057        0.00
               CMPU     CBD       2057        0.00
               CMPU     YR        2057        0.00
               CMPU     SDI       2057        0.00
               CMPU     BA        2057        0.00
               CMPU     TPA       2057        0.00
               FIRE     FIRECALC  2057        1.00      0.00   2000.00   1800.00   1500.00      0.10      0.75   8000.00

  12   2062
               BASE     TREELIST  2062       50.00      0.00
               CMPU     CANOPY    2062        0.00
               CMPU     FML       2062        0.00
               CMPU     HTT       2062        0.00
               CMPU     HTLIVE    2062        0.00
               CMPU     CBD       2062        0.00
               CMPU     YR        2062        0.00
               CMPU     SDI       2062        0.00
               CMPU     BA        2062        0.00
               CMPU     TPA       2062        0.00
               FIRE     FIRECALC  2062        1.00      0.00   2000.00   1800.00   1500.00      0.10      0.75   8000.00

  13   2067
               BASE     TREELIST  2067       50.00      0.00
               CMPU     CANOPY    2067        0.00
               CMPU     FML       2067        0.00
               CMPU     HTT       2067        0.00
               CMPU     HTLIVE    2067        0.00
               CMPU     CBD       2067        0.00
               CMPU     YR        2067        0.00
               CMPU     SDI       2067        0.00
               CMPU     BA        2067        0.00
               CMPU     TPA       2067        0.00
               FIRE     FIRECALC  2067        1.00      0.00   2000.00   1800.00   1500.00      0.10      0.75   8000.00

  14   2072
               BASE     TREELIST  2072       50.00      0.00
               CMPU     CANOPY    2072        0.00
               CMPU     FML       2072        0.00
               CMPU     HTT       2072        0.00
               CMPU     HTLIVE    2072        0.00
               CMPU     CBD       2072        0.00
               CMPU     YR        2072        0.00
               CMPU     SDI       2072        0.00
               CMPU     BA        2072        0.00
               CMPU     TPA       2072        0.00
               FIRE     FIRECALC  2072        1.00      0.00   2000.00   1800.00   1500.00      0.10      0.75   8000.00

  15   2077
               BASE     TREELIST  2077       50.00      0.00
               CMPU     CANOPY    2077        0.00
               CMPU     FML       2077        0.00
               CMPU     HTT       2077        0.00
               CMPU     HTLIVE    2077        0.00
               CMPU     CBD       2077        0.00
               CMPU     YR        2077        0.00
               CMPU     SDI       2077        0.00
               CMPU     BA        2077        0.00
               CMPU     TPA       2077        0.00
               FIRE     FIRECALC  2077        1.00      0.00   2000.00   1800.00   1500.00      0.10      0.75   8000.00

  16   2082
               BASE     TREELIST  2082       50.00      0.00
               CMPU     CANOPY    2082        0.00
               CMPU     FML       2082        0.00
               CMPU     HTT       2082        0.00
               CMPU     HTLIVE    2082        0.00
               CMPU     CBD       2082        0.00
               CMPU     YR        2082        0.00
               CMPU     SDI       2082        0.00
               CMPU     BA        2082        0.00
               CMPU     TPA       2082        0.00
               FIRE     FIRECALC  2082        1.00      0.00   2000.00   1800.00   1500.00      0.10      0.75   8000.00

  17   2087
               BASE     TREELIST  2087       50.00      0.00
               CMPU     CANOPY    2087        0.00
               CMPU     FML       2087        0.00
               CMPU     HTT       2087        0.00
               CMPU     HTLIVE    2087        0.00
               CMPU     CBD       2087        0.00
               CMPU     YR        2087        0.00
               CMPU     SDI       2087        0.00
               CMPU     BA        2087        0.00
               CMPU     TPA       2087        0.00
               FIRE     FIRECALC  2087        1.00      0.00   2000.00   1800.00   1500.00      0.10      0.75   8000.00

  18   2092
               BASE     TREELIST  2092       50.00      0.00
               CMPU     CANOPY    2092        0.00
               CMPU     FML       2092        0.00
               CMPU     HTT       2092        0.00
               CMPU     HTLIVE    2092        0.00
               CMPU     CBD       2092        0.00
               CMPU     YR        2092        0.00
               CMPU     SDI       2092        0.00
               CMPU     BA        2092        0.00
               CMPU     TPA       2092        0.00
               FIRE     FIRECALC  2092        1.00      0.00   2000.00   1800.00   1500.00      0.10      0.75   8000.00

  19   2097
               BASE     TREELIST  2097       50.00      0.00
               CMPU     CANOPY    2097        0.00
               CMPU     FML       2097        0.00
               CMPU     HTT       2097        0.00
               CMPU     HTLIVE    2097        0.00
               CMPU     CBD       2097        0.00
               CMPU     YR        2097        0.00
               CMPU     SDI       2097        0.00
               CMPU     BA        2097        0.00
               CMPU     TPA       2097        0.00
               FIRE     FIRECALC  2097        1.00      0.00   2000.00   1800.00   1500.00      0.10      0.75   8000.00

  20   2102
               BASE     TREELIST  2102       50.00      0.00
               CMPU     CANOPY    2102        0.00
               CMPU     FML       2102        0.00
               CMPU     HTT       2102        0.00
               CMPU     HTLIVE    2102        0.00
               CMPU     CBD       2102        0.00
               CMPU     YR        2102        0.00
               CMPU     SDI       2102        0.00
               CMPU     BA        2102        0.00
               CMPU     TPA       2102        0.00
               FIRE     FIRECALC  2102        1.00      0.00   2000.00   1800.00   1500.00      0.10      0.75   8000.00
----------------------------------------------------------------------------------------------------------------------------------


CALIBRATION STATISTICS:


                                                 LP    PP
                                                ----  ----

NUMBER OF RECORDS PER SPECIES                     25     4

NUMBER OF RECORDS WITH MISSING HEIGHTS             0     0

NUMBER OF RECORDS WITH BROKEN OR DEAD TOPS         0     0

NUMBER OF RECORDS WITH MISSING CROWN RATIOS        0     0

NUMBER OF RECORDS AVAILABLE FOR SCALING
THE DIAMETER INCREMENT MODEL                      17     2

RATIO OF STANDARD ERRORS
(INPUT DBH GROWTH DATA : MODEL)                 0.78  1.00

WEIGHT GIVEN TO THE INPUT GROWTH DATA WHEN
DBH GROWTH MODEL SCALE FACTORS WERE COMPUTED    0.79  0.00

INITIAL SCALE FACTORS FOR THE
DBH INCREMENT MODEL                             0.99  1.00

NUMBER OF RECORDS AVAILABLE FOR SCALING
THE SMALL TREE HEIGHT INCREMENT MODEL             0     0

INITIAL SCALE FACTORS FOR THE SMALL TREE
HEIGHT INCREMENT MODEL                          1.00  1.00

NUMBER OF RECORDS WITH MISTLETOE                   0     0
        FOREST VEGETATION SIMULATOR     VERSION 3845 -- S. CEN. OREGON/N.E. CALIF. PROGNOSIS   RV:02/16/11    01-12-2012  15:54:34

STAND ID: 49                            MGMT ID:          


                                        STAND COMPOSITION (BASED ON STOCKABLE AREA)
--------------------------------------------------------------------------------------------------------------------------
                            PERCENTILE POINTS IN THE
                     DISTRIBUTION OF STAND ATTRIBUTES BY DBH      TOTAL/ACRE
        STAND       -----------------------------------------      OF STAND         DISTRIBUTION OF STAND ATTRIBUTES BY
YEAR  ATTRIBUTES      10     30     50     70     90    100       ATTRIBUTES       SPECIES AND 3 USER-DEFINED SUBCLASSES
----  -----------   ------ ------ ------ ------ ------ ------   --------------  ------------------------------------------
                                 (DBH IN INCHES)



2007  TREES           0.1    0.1    0.1    0.5    5.5    17.5    1623. TREES     74.% LP2,  17.% LP3,   9.% PP2,   0.% ---
      VOLUME:  
        TOTAL         5.5    6.3    8.0   10.0   12.0    17.5    1487. CUFT      55.% LP3,  38.% LP2,   7.% PP2,   0.% ---
        MERCH         9.0   10.0   11.0   12.0   17.5    17.5     567. CUFT      57.% LP3,  34.% LP2,   8.% PP2,   0.% ---
        MERCH         9.7   10.0   11.0   12.0   17.5    17.5    2653. BDFT      56.% LP3,  37.% LP2,   8.% PP2,   0.% ---


      ACCRETION       5.0    6.0    6.7    8.5   11.0    17.5      48. CUFT/YR   53.% LP3,  38.% LP2,   8.% PP2,   0.% ---
      MORTALITY       5.0    6.0    6.2    6.7    8.5    17.5       0. CUFT/YR   62.% LP3,  36.% LP2,   3.% PP2,   0.% ---



2012  TREES           0.1    0.1    0.1    0.9    5.8    18.0    1622. TREES     74.% LP2,  17.% LP3,   9.% PP2,   0.% ---
      VOLUME:  
        TOTAL         5.6    6.7    8.3   10.3   12.3    18.0    1728. CUFT      55.% LP3,  38.% LP2,   7.% PP2,   0.% ---
        MERCH         9.4   10.0   11.0   12.2   17.9    18.0     661. CUFT      54.% LP3,  32.% LP2,  14.% PP2,   0.% ---
        MERCH         9.4   10.3   11.1   12.2   17.9    18.0    3147. BDFT      55.% LP3,  34.% LP2,  11.% PP2,   0.% ---


      ACCRETION       2.0    6.4    7.1    9.2   11.1    18.0      53. CUFT/YR   49.% LP3,  40.% LP2,  11.% PP2,   0.% ---
      MORTALITY       5.3    6.3    6.5    7.1    9.3    18.0       7. CUFT/YR   62.% LP3,  35.% LP2,   2.% PP2,   0.% ---



2017  TREES           0.8    0.8    0.8    1.5    6.4    18.5    1542. TREES     73.% LP2,  17.% LP3,   9.% PP2,   0.% ---
      VOLUME:  
        TOTAL         5.9    7.0    8.6   10.4   12.5    18.5    1959. CUFT      54.% LP3,  38.% LP2,   8.% PP2,   0.% ---
        MERCH         9.7   10.4   11.5   12.4   18.2    18.5     730. CUFT      55.% LP3,  31.% LP2,  14.% PP2,   0.% ---
        MERCH         9.7   10.4   11.6   12.4   18.2    18.5    3501. BDFT      55.% LP3,  33.% LP2,  12.% PP2,   0.% ---


      ACCRETION       0.8    2.4    6.9    8.6   11.5    18.5      70. CUFT/YR   49.% LP2,  43.% LP3,   8.% PP2,   0.% ---
      MORTALITY       5.6    6.2    6.9    7.6    9.5    18.5      10. CUFT/YR   60.% LP3,  37.% LP2,   3.% PP2,   0.% ---



2022  TREES           1.2    1.2    1.2    1.9    7.0    18.9    1446. TREES     73.% LP2,  18.% LP3,   9.% PP2,   0.% ---
      VOLUME:  
        TOTAL         6.1    7.3    8.7   10.8   12.8    18.9    2263. CUFT      52.% LP3,  40.% LP2,   8.% PP2,   0.% ---
        MERCH         9.7   10.6   11.7   12.1   18.6    18.9     893. CUFT      57.% LP3,  28.% LP2,  15.% PP2,   0.% ---
        MERCH         9.7   10.6   11.9   12.3   18.7    18.9    4211. BDFT      57.% LP3,  31.% LP2,  13.% PP2,   0.% ---


      ACCRETION       2.8    7.2    7.9    9.7   12.0    18.9      58. CUFT/YR   52.% LP3,  37.% LP2,  10.% PP2,   0.% ---
      MORTALITY       1.6    6.2    7.2    7.8    9.5    18.9      10. CUFT/YR   54.% LP3,  43.% LP2,   3.% PP2,   0.% ---



2027  TREES           1.4    1.4    1.4    2.2    7.3    19.3    1369. TREES     73.% LP2,  18.% LP3,   9.% PP2,   0.% ---
      VOLUME:  
        TOTAL         6.3    7.7    8.7   11.1   13.0    19.3    2506. CUFT      52.% LP3,  40.% LP2,   8.% PP2,   0.% ---
        MERCH         9.6   10.7   11.7   12.4   18.9    19.3    1063. CUFT      53.% LP3,  33.% LP2,  14.% PP2,   0.% ---
        MERCH         9.6   10.7   11.7   12.5   19.0    19.3    4997. BDFT      53.% LP3,  35.% LP2,  12.% PP2,   0.% ---


      ACCRETION       3.0    7.5    8.2    9.9   12.4    19.3      63. CUFT/YR   53.% LP3,  35.% LP2,  12.% PP2,   0.% ---
      MORTALITY       1.9    6.5    7.5    8.1    9.9    19.3      10. CUFT/YR   54.% LP3,  43.% LP2,   3.% PP2,   0.% ---



2032  TREES           1.6    1.7    1.7    2.4    7.8    19.8    1304. TREES     73.% LP2,  18.% LP3,   9.% PP2,   0.% ---
      VOLUME:  
        TOTAL         6.6    8.1    9.1   11.3   13.3    19.8    2773. CUFT      52.% LP3,  39.% LP2,   9.% PP2,   0.% ---
        MERCH         9.4   10.5   12.1   12.8   19.3    19.8    1285. CUFT      47.% LP3,  39.% LP2,  13.% PP2,   0.% ---
        MERCH         9.3   10.5   12.1   12.9   19.3    19.8    6193. BDFT      47.% LP3,  41.% LP2,  12.% PP2,   0.% ---


      ACCRETION       1.7    6.8    8.2    9.5   12.7    19.8      75. CUFT/YR   47.% LP2,  45.% LP3,   9.% PP2,   0.% ---
      MORTALITY       2.2    6.9    7.9    8.5   10.2    19.8       9. CUFT/YR   54.% LP3,  42.% LP2,   4.% PP2,   0.% ---



2037  TREES           1.8    1.8    1.9    2.6    8.2    20.3    1250. TREES     73.% LP2,  18.% LP3,   9.% PP2,   0.% ---
      VOLUME:  
        TOTAL         6.8    8.4    9.5   11.3   13.6    20.3    3100. CUFT      51.% LP3,  40.% LP2,   9.% PP2,   0.% ---
        MERCH         9.3   10.5   12.1   13.2   14.0    20.3    1606. CUFT      44.% LP2,  44.% LP3,  13.% PP2,   0.% ---
        MERCH         9.3   10.5   12.1   13.2   14.0    20.3    7790. BDFT      46.% LP2,  44.% LP3,  11.% PP2,   0.% ---


      ACCRETION       3.9    8.2    9.0   10.7   13.2    20.3      65. CUFT/YR   51.% LP3,  38.% LP2,  11.% PP2,   0.% ---
      MORTALITY       1.9    6.9    8.1    8.7   10.6    20.3      10. CUFT/YR   52.% LP3,  45.% LP2,   3.% PP2,   0.% ---



2042  TREES           2.0    2.0    2.1    2.8    8.6    20.6    1201. TREES     72.% LP2,  18.% LP3,   9.% PP2,   0.% ---
      VOLUME:  
        TOTAL         7.1    8.7    9.8   11.6   14.0    20.6    3373. CUFT      51.% LP3,  40.% LP2,   9.% PP2,   0.% ---
        MERCH         9.5   10.1   11.5   13.6   14.4    20.6    1848. CUFT      44.% LP3,  44.% LP2,  12.% PP2,   0.% ---
        MERCH         9.5   10.1   11.6   13.6   14.4    20.6    8976. BDFT      46.% LP2,  44.% LP3,  10.% PP2,   0.% ---


      ACCRETION       3.4    7.8    9.0   10.8   13.7    20.6      71. CUFT/YR   49.% LP3,  40.% LP2,  11.% PP2,   0.% ---
      MORTALITY       2.1    7.3    8.5    9.1   10.9    20.6      23. CUFT/YR   52.% LP3,  45.% LP2,   3.% PP2,   0.% ---



2047  TREES           2.1    2.1    2.2    2.9    9.0    20.9    1104. TREES     72.% LP2,  19.% LP3,   9.% PP2,   0.% ---
      VOLUME:  
        TOTAL         5.1    9.0   10.1   11.9   14.3    20.9    3612. CUFT      51.% LP3,  40.% LP2,   9.% PP2,   0.% ---
        MERCH         9.2   10.1   11.3   13.5   14.6    20.9    2314. CUFT      48.% LP3,  41.% LP2,  11.% PP2,   0.% ---
        MERCH         9.2   10.1   11.3   13.5   14.7    20.9   11232. BDFT      48.% LP3,  42.% LP2,  10.% PP2,   0.% ---


      ACCRETION       2.6    8.2    9.6   11.1   14.1    20.9      68. CUFT/YR   47.% LP3,  41.% LP2,  13.% PP2,   0.% ---
      MORTALITY       2.2    7.6    8.8    9.5   11.2    20.9      39. CUFT/YR   52.% LP3,  45.% LP2,   4.% PP2,   0.% ---



2052  TREES           2.2    2.2    2.4    4.2    9.4    21.2     965. TREES     71.% LP2,  19.% LP3,   9.% PP2,   0.% ---
      VOLUME:  
        TOTAL         5.4    9.4   10.4   12.1   14.8    21.2    3761. CUFT      51.% LP3,  39.% LP2,  10.% PP2,   0.% ---
        MERCH         9.4   10.4   11.6   13.8   14.9    21.2    2551. CUFT      49.% LP3,  40.% LP2,  11.% PP2,   0.% ---
        MERCH         9.4   10.4   11.6   13.9   14.9    21.2   12491. BDFT      50.% LP3,  41.% LP2,  10.% PP2,   0.% ---


      ACCRETION       4.3    8.6    9.8   11.5   14.6    21.2      69. CUFT/YR   51.% LP3,  37.% LP2,  12.% PP2,   0.% ---
      MORTALITY       2.4    7.9    9.1    9.8   11.5    21.2      24. CUFT/YR   51.% LP3,  45.% LP2,   4.% PP2,   0.% ---



2057  TREES           2.3    2.4    2.5    4.7   10.0    21.6     892. TREES     71.% LP2,  20.% LP3,  10.% PP2,   0.% ---
      VOLUME:  
        TOTAL         5.8    9.8   10.6   12.6   15.2    21.6    3987. CUFT      51.% LP3,  39.% LP2,  10.% PP2,   0.% ---
        MERCH         9.7   10.5   11.8   14.1   15.5    21.6    2803. CUFT      50.% LP3,  39.% LP2,  11.% PP2,   0.% ---
        MERCH         9.7   10.5   11.9   14.3   15.5    21.6   13801. BDFT      51.% LP3,  39.% LP2,  10.% PP2,   0.% ---


      ACCRETION       5.8    9.4   10.5   12.0   15.0    21.6      64. CUFT/YR   53.% LP3,  34.% LP2,  14.% PP2,   0.% ---
      MORTALITY       2.5    8.2    9.4   10.3   11.9    21.6      40. CUFT/YR   51.% LP3,  45.% LP2,   4.% PP2,   0.% ---



2062  TREES           2.4    2.5    2.6    5.0   10.6    22.0     789. TREES     70.% LP2,  20.% LP3,  10.% PP2,   0.% ---
      VOLUME:  
        TOTAL         8.2   10.1   11.1   14.1   15.7    22.0    4104. CUFT      51.% LP3,  38.% LP2,  11.% PP2,   0.% ---
        MERCH        10.0   10.8   12.1   14.5   15.9    22.0    2983. CUFT      51.% LP3,  37.% LP2,  11.% PP2,   0.% ---
        MERCH        10.1   10.8   12.2   14.5   15.9    22.0   14627. BDFT      51.% LP3,  38.% LP2,  11.% PP2,   0.% ---


      ACCRETION       2.6    8.9   10.6   12.2   15.3    22.0      70. CUFT/YR   45.% LP3,  40.% LP2,  14.% PP2,   0.% ---
      MORTALITY       2.9    8.7    9.7   10.7   12.3    22.0      24. CUFT/YR   52.% LP3,  44.% LP2,   4.% PP2,   0.% ---



2067  TREES           2.5    2.6    2.8    5.5   11.0    22.3     735. TREES     70.% LP2,  21.% LP3,  10.% PP2,   0.% ---
      VOLUME:  
        TOTAL         6.5   10.4   11.4   14.4   16.3    22.3    4333. CUFT      50.% LP3,  38.% LP2,  11.% PP2,   0.% ---
        MERCH         9.9   11.0   12.3   14.7   16.4    22.3    3326. CUFT      53.% LP3,  36.% LP2,  11.% PP2,   0.% ---
        MERCH         9.9   11.1   12.3   14.8   16.4    22.3   16487. BDFT      52.% LP3,  37.% LP2,  11.% PP2,   0.% ---


      ACCRETION       5.8    9.9   11.1   12.8   16.0    22.3      63. CUFT/YR   50.% LP3,  35.% LP2,  15.% PP2,   0.% ---
      MORTALITY       2.8    9.0   10.0   11.0   12.8    22.3      41. CUFT/YR   51.% LP3,  45.% LP2,   4.% PP2,   0.% ---



2072  TREES           2.6    2.6    2.9    5.9   11.5    22.7     658. TREES     69.% LP2,  21.% LP3,  10.% PP2,   0.% ---
      VOLUME:  
        TOTAL         8.8   10.8   11.8   14.8   16.9    22.7    4447. CUFT      50.% LP3,  38.% LP2,  12.% PP2,   0.% ---
        MERCH        10.0   11.4   12.6   15.0   17.0    22.7    3534. CUFT      54.% LP3,  34.% LP2,  12.% PP2,   0.% ---
        MERCH        10.2   11.4   12.6   15.1   17.0    22.7   17589. BDFT      53.% LP3,  36.% LP2,  11.% PP2,   0.% ---


      ACCRETION       5.9   10.2   11.4   13.1   16.6    22.7      64. CUFT/YR   48.% LP3,  36.% LP2,  16.% PP2,   0.% ---
      MORTALITY       3.3    9.3   10.5   11.4   13.1    22.7      34. CUFT/YR   52.% LP3,  44.% LP2,   4.% PP2,   0.% ---



2077  TREES           2.7    2.7    3.0    6.2   12.0    23.1     602. TREES     68.% LP2,  22.% LP3,  10.% PP2,   0.% ---
      VOLUME:  
        TOTAL         9.1   11.0   12.2   15.2   17.3    23.1    4598. CUFT      50.% LP3,  37.% LP2,  13.% PP2,   0.% ---
        MERCH        10.2   11.7   12.8   15.5   17.5    23.1    3664. CUFT      54.% LP3,  34.% LP2,  12.% PP2,   0.% ---
        MERCH        10.2   11.7   12.8   15.5   17.6    23.1   18257. BDFT      54.% LP3,  35.% LP2,  11.% PP2,   0.% ---


      ACCRETION       5.9   10.4   11.7   13.4   17.1    23.1      65. CUFT/YR   47.% LP3,  37.% LP2,  17.% PP2,   0.% ---
      MORTALITY       3.6    9.6   10.8   11.7   13.5    23.1      24. CUFT/YR   52.% LP3,  44.% LP2,   4.% PP2,   0.% ---



2082  TREES           2.8    2.8    3.1    6.6   12.4    23.5     567. TREES     68.% LP2,  22.% LP3,  10.% PP2,   0.% ---
      VOLUME:  
        TOTAL         7.4   11.3   12.5   15.4   17.8    23.5    4803. CUFT      50.% LP3,  37.% LP2,  13.% PP2,   0.% ---
        MERCH        10.5   12.0   13.1   15.8   18.1    23.5    3849. CUFT      54.% LP3,  33.% LP2,  13.% PP2,   0.% ---
        MERCH        10.7   12.0   13.3   15.9   18.1    23.5   19312. BDFT      54.% LP3,  34.% LP2,  12.% PP2,   0.% ---


      ACCRETION       6.4   10.9   12.1   13.9   17.7    23.5      61. CUFT/YR   48.% LP3,  35.% LP2,  17.% PP2,   0.% ---
      MORTALITY       4.0    9.9   11.1   12.0   13.9    23.5      42. CUFT/YR   51.% LP3,  44.% LP2,   4.% PP2,   0.% ---



2087  TREES           2.8    3.2    3.4    7.2   12.9    23.8     513. TREES     67.% LP2,  22.% LP3,  10.% PP2,   0.% ---
      VOLUME:  
        TOTAL         9.6   11.7   12.9   16.0   18.4    23.8    4900. CUFT      50.% LP3,  37.% LP2,  14.% PP2,   0.% ---
        MERCH        10.9   12.3   13.6   16.2   18.5    23.8    3974. CUFT      54.% LP3,  33.% LP2,  13.% PP2,   0.% ---
        MERCH        11.0   12.3   13.6   16.2   18.5    23.8   20067. BDFT      54.% LP3,  34.% LP2,  12.% PP2,   0.% ---


      ACCRETION       6.6   11.0   12.4   14.1   18.0    23.8      60. CUFT/YR   47.% LP3,  36.% LP2,  18.% PP2,   0.% ---
      MORTALITY       4.3   10.3   11.5   12.4   14.2    23.8      35. CUFT/YR   52.% LP3,  44.% LP2,   4.% PP2,   0.% ---



2092  TREES           2.9    3.4    4.1    7.7   13.5    24.3     474. TREES     67.% LP2,  23.% LP3,  10.% PP2,   0.% ---
      VOLUME:  
        TOTAL         9.8   12.0   13.4   16.4   18.8    24.3    5026. CUFT      49.% LP3,  36.% LP2,  14.% PP2,   0.% ---
        MERCH        11.3   12.6   14.1   16.5   18.9    24.3    4064. CUFT      53.% LP3,  33.% LP2,  14.% PP2,   0.% ---
        MERCH        11.4   12.7   14.1   16.5   18.9    24.3   20785. BDFT      53.% LP3,  34.% LP2,  14.% PP2,   0.% ---


      ACCRETION       5.1   11.2   12.7   14.5   18.6    24.3      60. CUFT/YR   45.% LP3,  37.% LP2,  18.% PP2,   0.% ---
      MORTALITY       4.7   10.6   11.7   12.7   14.5    24.3      34. CUFT/YR   51.% LP3,  44.% LP2,   5.% PP2,   0.% ---



2097  TREES           3.0    3.6    4.5    8.1   14.0    24.6     439. TREES     66.% LP2,  23.% LP3,  11.% PP2,   0.% ---
      VOLUME:  
        TOTAL         8.4   12.3   13.8   16.8   19.3    24.6    5155. CUFT      49.% LP3,  36.% LP2,  15.% PP2,   0.% ---
        MERCH        11.6   12.9   14.5   16.8   19.3    24.6    4151. CUFT      53.% LP3,  33.% LP2,  15.% PP2,   0.% ---
        MERCH        11.7   13.0   14.5   16.9   19.3    24.6   21354. BDFT      52.% LP3,  33.% LP2,  15.% PP2,   0.% ---


      ACCRETION       7.1   11.7   13.2   15.1   19.1    24.6      58. CUFT/YR   44.% LP3,  36.% LP2,  20.% PP2,   0.% ---
      MORTALITY       4.9   10.9   12.0   13.1   14.9    24.6      34. CUFT/YR   51.% LP3,  44.% LP2,   5.% PP2,   0.% ---



2102  TREES           3.0    3.8    4.9    8.5   14.8    24.9     409. TREES     66.% LP2,  24.% LP3,  11.% PP2,   0.% ---
      VOLUME:  
        TOTAL         8.8   12.7   14.1   17.1   19.8    24.9    5276. CUFT      49.% LP3,  36.% LP2,  15.% PP2,   0.% ---
        MERCH        11.9   13.3   14.8   17.2   19.8    24.9    4265. CUFT      53.% LP3,  32.% LP2,  15.% PP2,   0.% ---
        MERCH        12.0   13.3   14.8   17.2   19.8    24.9   22058. BDFT      52.% LP3,  32.% LP2,  15.% PP2,   0.% ---


      ACCRETION       5.6   11.8   13.4   15.5   19.5    24.9      57. CUFT/YR   43.% LP3,  35.% LP2,  21.% PP2,   0.% ---
      MORTALITY       5.1   11.2   12.3   13.4   15.3    24.9      35. CUFT/YR   51.% LP3,  44.% LP2,   5.% PP2,   0.% ---



2107  TREES           3.2    4.1    5.1    9.2   15.1    25.3     381. TREES     65.% LP2,  24.% LP3,  11.% PP2,   0.% ---
      VOLUME:  
        TOTAL         9.2   12.9   14.6   17.4   20.4    25.3    5388. CUFT      48.% LP3,  36.% LP2,  16.% PP2,   0.% ---
        MERCH        12.1   13.5   15.1   17.4   20.4    25.3    4413. CUFT      52.% LP3,  32.% LP2,  16.% PP2,   0.% ---
        MERCH        12.2   13.6   15.2   17.6   20.4    25.3   22922. BDFT      52.% LP3,  32.% LP2,  16.% PP2,   0.% ---
        FOREST VEGETATION SIMULATOR     VERSION 3845 -- S. CEN. OREGON/N.E. CALIF. PROGNOSIS   RV:02/16/11    01-12-2012  15:54:44

STAND ID: 49                            MGMT ID:         


------------------------------------------------------------------------------------------------------------------------------
                     ATTRIBUTES OF SELECTED SAMPLE TREES                 ADDITIONAL STAND ATTRIBUTES (BASED ON STOCKABLE AREA)
      -----------------------------------------------------------------  -----------------------------------------------------
      INITIAL                           LIVE   PAST DBH  BASAL   TREES          QUADRATIC   TREES    BASAL  TOP HEIGHT  CROWN
      TREES/A            DBH    HEIGHT  CROWN   GROWTH   AREA     PER    STAND   MEAN DBH    PER     AREA     LARGEST   COMP
YEAR   %TILE  SPECIES (INCHES)  (FEET)  RATIO  (INCHES)  %TILE    ACRE   AGE     (INCHES)    ACRE   (SQFT/A) 40/A (FT)  FACTOR
----  ------- ------- -------- -------- ------ --------- ------- ------  -----  ---------   ------ --------- --------- -------

2007                                          ( 10 YRS)

        10     LP2       0.10     1.00    45     0.00      0.0  333.33
        30     LP2       0.10     1.00    35     0.00      0.1  533.33
        50     LP2       0.10     1.00    35     0.00      0.1  533.33
        70     LP3       0.50     7.00    45     0.37      0.2   66.67
        90     LP3       5.50    10.00    35     0.47     17.6   20.20
       100     LP2      17.50    77.00    55     0.84    100.0    2.00
                                                                           0       2.7     1623.      65.       55.9     79.8

2012                                          (  5 YRS)

        10     LP2       0.10     4.12    43     0.00      0.0  333.05
        30     LP2       0.10     4.16    33     0.00      0.1  532.88
        50     LP2       0.10     4.16    33     0.00      0.1  532.88
        70     LP3       1.03    10.11    43     0.51      1.6   66.61
        90     LP3       5.82    11.06    37     0.31     18.8   20.19
       100     LP2      17.88    78.75    56     0.37     98.8    2.00
                                                                           5       2.9     1622.      74.       56.3     90.1

2017                                          (  5 YRS)

        10     LP2       0.76     6.98    41     0.64      0.4  315.28
        30     LP2       0.77     7.04    31     0.65      1.9  504.46
        50     LP2       0.77     7.04    31     0.65      1.9  504.46
        70     LP3       1.50    13.04    41     0.46      5.3   63.12
        90     LP3       6.17    12.20    39     0.34     23.0   19.36
       100     LP2      18.25    80.24    57     0.36     98.3    1.99
                                                                          10       3.2     1542.      85.       58.0    109.6

2022                                          (  5 YRS)

        10     LP2       1.17     9.49    39     0.39      2.5  293.43
        30     LP2       1.18     9.53    29     0.39      5.4  470.13
        50     LP2       1.18     9.53    29     0.39      5.4  470.13
        70     LP3       1.89    15.49    39     0.38      9.1   59.01
        90     LP3       6.51    13.38    39     0.33     26.6   18.39
       100     LP2      18.80    81.57    58     0.53     99.7    1.99
                                                                          15       3.5     1446.      96.       60.3    147.2

2027                                          (  5 YRS)

        10     LP2       1.44    11.23    37     0.27      6.4  275.92
        30     LP2       1.44    11.22    28     0.26      4.5  443.12
        50     LP2       1.44    11.22    28     0.26      4.5  443.12
        70     LP3       2.16    17.23    37     0.27     11.5   55.79
        90     LP3       6.87    14.56    38     0.35     29.3   17.63
       100     LP2      19.23    82.72    59     0.42     99.8    1.99
                                                                          20       3.8     1369.     105.       62.4    156.4

2032                                          (  5 YRS)

        10     LP2       1.69    12.79    35     0.24      8.2  261.60
        30     LP2       1.65    12.57    27     0.20      4.5  419.56
        50     LP2       1.65    12.57    27     0.20      4.5  419.56
        70     LP3       2.40    18.72    35     0.23     13.1   53.10
        90     LP3       7.21    15.70    37     0.33     31.3   17.00
       100     LP2      19.78    83.70    59     0.53     99.8    1.99
                                                                          25       4.0     1304.     116.       64.4    167.3

2037                                          (  5 YRS)

        10     LP2       1.90    14.12    33     0.20      8.9  249.71
        30     LP2       1.84    13.75    26     0.18      5.2  399.52
        50     LP2       1.84    13.75    26     0.18      5.2  399.52
        70     LP3       2.60    19.98    33     0.19     14.2   50.85
        90     LP3       7.54    16.81    36     0.32     32.4   16.47
       100     LP2      20.18    84.51    58     0.39     99.6    1.99
                                                                          30       4.3     1250.     126.       66.3    175.4

2042                                          (  5 YRS)

        10     LP2       2.07    15.23    31     0.17      9.1  239.03
        30     LP2       2.00    14.76    25     0.15      5.4  381.55
        50     LP2       2.00    14.76    25     0.15      5.4  381.55
        70     LP3       2.76    21.03    31     0.16     14.4   48.83
        90     LP3       7.89    17.87    36     0.34     34.1   15.99
       100     LP2      20.49    85.15    56     0.30     99.7    1.99
                                                                          35       4.6     1201.     136.       67.9    183.7

2047                                          (  5 YRS)

        10     LP2       2.23    16.27    29     0.16      9.8  217.70
        30     LP2       2.13    15.61    24     0.13      5.9  345.80
        50     LP2       2.13    15.61    24     0.13      5.9  345.80
        70     LP3       2.91    21.98    29     0.14     14.3   44.79
        90     LP3       8.22    18.93    35     0.32     34.9   15.05
       100     LP2      20.77    85.53    55     0.27     99.7    1.98
                                                                          40       4.9     1104.     142.       69.5    185.4

2052                                          (  5 YRS)

        10     LP2       2.37    17.16    28     0.14      9.4  187.49
        30     LP2       2.25    16.35    23     0.11      6.1  295.32
        50     LP2       2.25    16.35    23     0.11      6.1  295.32
        70     LP3       3.05    22.83    28     0.13     13.6   38.95
        90     LP3       8.53    19.94    34     0.30     32.8   13.66
       100     LP2      21.16    85.82    55     0.38     99.9    1.98
                                                                          45       5.2      965.     143.       70.9    179.6

2057                                          (  5 YRS)

        10     LP2       2.50    18.00    27     0.13      9.5  171.91
        30     LP2       2.36    17.08    22     0.11      5.8  269.66
        50     LP2       2.36    17.08    22     0.11      5.8  269.66
        70     LP3       3.31    23.62    27     0.26     13.5   35.90
        90     LP3       8.87    20.93    35     0.34     33.7   12.89
       100     LP2      21.53    85.94    55     0.36     99.9    1.98
                                                                          50       5.5      892.     149.       72.3    180.7

2062                                          (  5 YRS)

        10     LP2       2.62    18.74    26     0.11      7.5  149.71
        30     LP2       2.46    17.72    21     0.10      5.5  233.06
        50     LP2       2.46    17.72    21     0.10      5.5  233.06
        70     LP3       3.62    24.37    27     0.30     13.1   31.51
        90     LP3       9.20    21.93    35     0.31     33.5   11.77
       100     LP2      21.92    85.99    55     0.38     99.7    1.97
                                                                          55       5.9      789.     150.       73.5    176.1

2067                                          (  5 YRS)

        10     LP2       2.74    19.50    25     0.12      7.4  138.16
        30     LP2       2.56    18.34    20     0.09      5.3  214.59
        50     LP2       2.56    18.34    20     0.09      5.3  214.59
        70     LP3       3.91    25.10    28     0.28     12.8   29.26
        90     LP3       9.41    22.94    35     0.20     31.7   11.17
       100     LP2      22.22    86.04    55     0.29     99.7    1.97
                                                                          60       6.2      735.     155.       74.8    177.3

2072                                          (  5 YRS)

        10     LP2       2.85    20.20    24     0.11      6.9  121.41
        30     LP2       2.64    18.85    19     0.08      4.9  187.85
        50     LP2       2.64    18.85    19     0.08      4.9  187.85
        70     LP3       4.14    25.85    27     0.22     11.8   25.97
        90     LP3       9.76    23.93    35     0.35     31.9   10.25
       100     LP2      22.60    86.09    55     0.37     99.6    1.97
                                                                          65       6.6      658.     156.       76.0    173.7

2077                                          (  5 YRS)

        10     LP2       2.95    20.87    23     0.10      6.9  109.47
        30     LP2       2.72    19.36    18     0.08      4.6  168.91
        50     LP2       2.72    19.36    18     0.08      4.6  168.91
        70     LP3       4.42    26.56    27     0.27     11.5   23.58
        90     LP3      10.15    24.93    36     0.38     31.8    9.58
       100     LP2      23.07    86.14    55     0.46    100.0    1.97
                                                                          70       7.0      602.     159.       77.1    172.5

2082                                          (  5 YRS)

        10     LP2       3.05    21.50    22     0.09      6.7  102.09
        30     LP2       2.79    19.83    17     0.07      4.0  157.16
        50     LP2       2.79    19.83    17     0.07      4.0  157.16
        70     LP3       4.65    27.27    27     0.22     11.3   22.09
        90     LP3      10.56    25.94    36     0.40     32.8    9.14
       100     LP2      23.46    86.19    55     0.38    100.0    1.97
                                                                          75       7.3      567.     163.       78.1    174.3

2087                                          (  5 YRS)

        10     LP2       3.34    22.05    23     0.28      7.6   90.67
        30     LP2       2.86    20.25    17     0.06      3.6  138.97
        50     LP2       2.86    20.25    17     0.06      3.6  138.97
        70     LP3       4.94    27.97    27     0.28     11.1   19.77
        90     LP3      10.91    26.96    36     0.34     32.2    8.47
       100     LP2      23.82    86.24    55     0.35    100.0    1.96
                                                                          80       7.7      513.     165.       78.9    172.0

2092                                          (  5 YRS)

        10     LP2       3.71    22.64    23     0.36      8.0   82.52
        30     LP2       2.92    20.66    17     0.06      3.3  125.81
        50     LP2       2.92    20.66    17     0.06      3.3  125.81
        70     LP3       5.14    28.68    27     0.20     11.0   18.07
        90     LP3      11.27    27.97    36     0.35     31.8    7.96
       100     LP2      24.28    86.29    55     0.44    100.0    1.96
                                                                          85       8.0      474.     167.       79.8    171.5

2097                                          (  5 YRS)

        10     LP2       4.03    23.18    23     0.31      7.9   75.58
        30     LP2       2.98    21.05    17     0.06      3.1  114.56
        50     LP2       2.98    21.05    17     0.06      3.1  114.56
        70     LP3       5.33    29.39    27     0.18     10.8   16.61
        90     LP3      11.57    28.98    36     0.29     31.6    7.50
       100     LP2      24.63    86.34    55     0.34    100.0    1.96
                                                                          90       8.4      439.     170.       80.5    171.4

2102                                          (  5 YRS)

        10     LP2       4.33    23.73    23     0.29      7.8   69.42
        30     LP2       3.04    21.40    17     0.05      2.9  104.62
        50     LP2       3.04    21.40    17     0.05      2.9  104.62
        70     LP3       5.64    30.09    27     0.30     10.7   15.31
        90     LP3      11.83    29.99    36     0.26     31.2    7.08
       100     LP2      24.94    86.39    55     0.30    100.0    1.96
                                                                          95       8.8      409.     173.       81.3    171.4

2107                                          (  5 YRS)

        10     LP2       4.58    24.27    23     0.24      8.0   63.78
        30     LP2       3.25    21.75    17     0.21      2.5   95.55
        50     LP2       3.25    21.75    17     0.21      2.5   95.55
        70     LP3       5.92    30.80    27     0.27     11.1   14.12
        90     LP3      12.06    31.00    36     0.22     30.2    6.69
       100     LP2      25.20    86.44    55     0.25     99.3    1.95
                                                                         100       9.2      381.     176.       82.0    171.7
        FOREST VEGETATION SIMULATOR     VERSION 3845 -- S. CEN. OREGON/N.E. CALIF. PROGNOSIS   RV:02/16/11    01-12-2012  15:54:44

STAND ID: 49                            MGMT ID:         



                                SUMMARY STATISTICS (PER ACRE OR STAND BASED ON TOTAL STAND AREA)
--------------------------------------------------------------------------------------------------------------------------------------
               START OF SIMULATION PERIOD                     REMOVALS             AFTER TREATMENT    GROWTH THIS PERIOD
         --------------------------------------------- ----------------------- ---------------------  ------------------   MAI  ------
         NO OF              TOP      TOTAL MERCH MERCH NO OF TOTAL MERCH MERCH              TOP  RES  PERIOD ACCRE MORT   MERCH FOR SS
YEAR AGE TREES  BA  SDI CCF HT  QMD  CU FT CU FT BD FT TREES CU FT CU FT BD FT  BA  SDI CCF HT   QMD  YEARS   PER  YEAR   CU FT TYP ZT
---- --- ----- --- ---- --- --- ---- ----- ----- ----- ----- ----- ----- ----- --- ---- --- --- ----  ------ ---- -----   ----- ------
2007   0  1623  65  199  80  56  2.7  1487   567  2653     0     0     0     0  65  199  80  56  2.7       5   48     0     0.0 281 24
2012   5  1622  74  220  90  56  2.9  1728   661  3147     0     0     0     0  74  220  90  56  2.9       5   53     7     0.0 281 24
2017  10  1542  85  244 110  58  3.2  1959   730  3501     0     0     0     0  85  244 110  58  3.2       5   70    10     0.0 281 24
2022  15  1446  96  266 147  60  3.5  2263   893  4211     0     0     0     0  96  266 147  60  3.5       5   58    10     0.0 281 23
2027  20  1369 105  285 156  62  3.8  2506  1063  4997     0     0     0     0 105  285 156  62  3.8       5   63    10     0.0 281 23
2032  25  1304 116  304 167  64  4.0  2773  1285  6193     0     0     0     0 116  304 167  64  4.0       5   75     9     0.0 281 13
2037  30  1250 126  321 175  66  4.3  3100  1606  7790     0     0     0     0 126  321 175  66  4.3       5   65    10     0.0 281 13
2042  35  1201 136  340 184  68  4.6  3373  1848  8976     0     0     0     0 136  340 184  68  4.6       5   71    23     0.0 281 13
2047  40  1104 142  346 185  69  4.9  3612  2314 11232     0     0     0     0 142  346 185  69  4.9       5   68    39     0.0 281 13
2052  45   965 143  340 180  71  5.2  3761  2551 12491     0     0     0     0 143  340 180  71  5.2       5   69    24     0.0 281 13
2057  50   892 149  344 181  72  5.5  3987  2803 13801     0     0     0     0 149  344 181  72  5.5       5   64    40     0.0 281 13
2062  55   789 150  338 176  73  5.9  4104  2983 14627     0     0     0     0 150  338 176  73  5.9       5   70    24     0.0 281 13
2067  60   735 155  342 177  75  6.2  4333  3326 16487     0     0     0     0 155  342 177  75  6.2       5   63    41     0.0 281 13
2072  65   658 156  337 174  76  6.6  4447  3534 17589     0     0     0     0 156  337 174  76  6.6       5   64    34     0.0 281 13
2077  70   602 159  336 173  77  7.0  4598  3664 18257     0     0     0     0 159  336 173  77  7.0       5   65    24     0.0 281 12
2082  75   567 163  340 174  78  7.3  4803  3849 19312     0     0     0     0 163  340 174  78  7.3       5   61    42     0.0 281 12
2087  80   513 165  335 172  79  7.7  4900  3974 20067     0     0     0     0 165  335 172  79  7.7       5   60    35     0.0 281 12
2092  85   474 167  334 171  80  8.0  5026  4064 20785     0     0     0     0 167  334 171  80  8.0       5   60    34     0.0 281 12
2097  90   439 170  334 171  80  8.4  5155  4151 21354     0     0     0     0 170  334 171  80  8.4       5   58    34     0.0 281 12
2102  95   409 173  333 171  81  8.8  5276  4265 22058     0     0     0     0 173  333 171  81  8.8       5   57    35     0.0 281 12
2107 100   381 176  333 172  82  9.2  5388  4413 22922     0     0     0     0 176  333 172  82  9.2       0    0     0     0.0 281 12

NOTE: 21 LINES OF SUMMARY DATA HAVE BEEN WRITTEN TO THE FILE REFERENCED BY LOGICAL UNIT  4




                                                     ACTIVITY SUMMARY 

STAND ID= 49                            MGMT ID=                                                                                 

----------------------------------------------------------------------------------------------------------------------------------

CYCLE  DATE  EXTENSION  KEYWORD   DATE  ACTIVITY DISPOSITION  PARAMETERS:
-----  ----  ---------  --------  ----  --------------------  --------------------------------------------------------------------

   1   2007
               CMPU     YR        2007  DONE IN 2007             2007.00
               CMPU     SDI       2007  DONE IN 2007              199.02
               CMPU     BA        2007  DONE IN 2007               64.76
               CMPU     TPA       2007  DONE IN 2007             1623.13
               CMPU     CANOPY    2007  DONE IN 2007               30.00
               CMPU     HTT       2007  DONE IN 2007               55.89
               FIRE     FIRECALC  2007  DONE IN 2007                1.00      0.00   2000.00   1800.00   1500.00      0.10
                                                                    0.75   8000.00
               FIRE     SOILHEAT  2007  DONE IN 2007              200.00      3.00
               FIRE     BURNREPT  2007  DONE IN 2007              200.00
               FIRE     FUELOUT   2007  DONE IN 2007              200.00      1.00
               CMPU     FML       2007  DONE IN 2007                5.00
               CMPU     HTLIVE    2007  DONE IN 2007                5.00
               CMPU     CBD       2007  DONE IN 2007                0.05
               BASE     TREELIST  2007  DONE IN 2011               50.00      0.00

   2   2012
               CMPU     YR        2012  DONE IN 2012             2012.00
               CMPU     SDI       2012  DONE IN 2012              220.46
               CMPU     BA        2012  DONE IN 2012               73.58
               CMPU     TPA       2012  DONE IN 2012             1621.85
               CMPU     CANOPY    2012  DONE IN 2012               34.00
               CMPU     HTT       2012  DONE IN 2012               56.31
               FIRE     FIRECALC  2012  DONE IN 2012                1.00      0.00   2000.00   1800.00   1500.00      0.10
                                                                    0.75   8000.00
               CMPU     FML       2012  DONE IN 2012                5.00
               CMPU     HTLIVE    2012  DONE IN 2012                4.00
               CMPU     CBD       2012  DONE IN 2012                0.05
               BASE     TREELIST  2012  DONE IN 2016               50.00      0.00

   3   2017
               CMPU     YR        2017  DONE IN 2017             2017.00
               CMPU     SDI       2017  DONE IN 2017              244.23
               CMPU     BA        2017  DONE IN 2017               84.64
               CMPU     TPA       2017  DONE IN 2017             1541.64
               CMPU     CANOPY    2017  DONE IN 2017               40.00
               CMPU     HTT       2017  DONE IN 2017               58.02
               FIRE     FIRECALC  2017  DONE IN 2017                1.00      0.00   2000.00   1800.00   1500.00      0.10
                                                                    0.75   8000.00
               CMPU     FML       2017  DONE IN 2017                5.00
               CMPU     HTLIVE    2017  DONE IN 2017                5.00
               CMPU     CBD       2017  DONE IN 2017                0.09
               BASE     TREELIST  2017  DONE IN 2021               50.00      0.00

   4   2022
               CMPU     YR        2022  DONE IN 2022             2022.00
               CMPU     SDI       2022  DONE IN 2022              265.73
               CMPU     BA        2022  DONE IN 2022               95.53
               CMPU     TPA       2022  DONE IN 2022             1445.68
               CMPU     CANOPY    2022  DONE IN 2022               45.00
               CMPU     HTT       2022  DONE IN 2022               60.27
               FIRE     FIRECALC  2022  DONE IN 2022                1.00      0.00   2000.00   1800.00   1500.00      0.10
                                                                    0.75   8000.00
               CMPU     FML       2022  DONE IN 2022                5.00
               CMPU     HTLIVE    2022  DONE IN 2022                6.00
               CMPU     CBD       2022  DONE IN 2022                0.08
               BASE     TREELIST  2022  DONE IN 2026               50.00      0.00

   5   2027
               CMPU     YR        2027  DONE IN 2027             2027.00
               CMPU     SDI       2027  DONE IN 2027              284.54
               CMPU     BA        2027  DONE IN 2027              105.43
               CMPU     TPA       2027  DONE IN 2027             1369.16
               CMPU     CANOPY    2027  DONE IN 2027               47.00
               CMPU     HTT       2027  DONE IN 2027               62.40
               FIRE     FIRECALC  2027  DONE IN 2027                1.00      0.00   2000.00   1800.00   1500.00      0.10
                                                                    0.75   8000.00
               CMPU     FML       2027  DONE IN 2027                5.00
               CMPU     HTLIVE    2027  DONE IN 2027                6.00
               CMPU     CBD       2027  DONE IN 2027                0.08
               BASE     TREELIST  2027  DONE IN 2031               50.00      0.00

   6   2032
               CMPU     YR        2032  DONE IN 2032             2032.00
               CMPU     SDI       2032  DONE IN 2032              303.65
               CMPU     BA        2032  DONE IN 2032              115.69
               CMPU     TPA       2032  DONE IN 2032             1304.38
               CMPU     CANOPY    2032  DONE IN 2032               49.00
               CMPU     HTT       2032  DONE IN 2032               64.41
               FIRE     FIRECALC  2032  DONE IN 2032                1.00      0.00   2000.00   1800.00   1500.00      0.10
                                                                    0.75   8000.00
               CMPU     FML       2032  DONE IN 2032                5.00
               CMPU     HTLIVE    2032  DONE IN 2032                7.00
               CMPU     CBD       2032  DONE IN 2032                0.08
               BASE     TREELIST  2032  DONE IN 2036               50.00      0.00

   7   2037
               CMPU     YR        2037  DONE IN 2037             2037.00
               CMPU     SDI       2037  DONE IN 2037              321.44
               CMPU     BA        2037  DONE IN 2037              125.51
               CMPU     TPA       2037  DONE IN 2037             1249.99
               CMPU     CANOPY    2037  DONE IN 2037               51.00
               CMPU     HTT       2037  DONE IN 2037               66.33
               FIRE     FIRECALC  2037  DONE IN 2037                1.00      0.00   2000.00   1800.00   1500.00      0.10
                                                                    0.75   8000.00
               CMPU     FML       2037  DONE IN 2037                5.00
               CMPU     HTLIVE    2037  DONE IN 2037                9.00
               CMPU     CBD       2037  DONE IN 2037                0.07
               BASE     TREELIST  2037  DONE IN 2041               50.00      0.00

   8   2042
               CMPU     YR        2042  DONE IN 2042             2042.00
               CMPU     SDI       2042  DONE IN 2042              339.61
               CMPU     BA        2042  DONE IN 2042              135.74
               CMPU     TPA       2042  DONE IN 2042             1201.18
               CMPU     CANOPY    2042  DONE IN 2042               53.00
               CMPU     HTT       2042  DONE IN 2042               67.91
               FIRE     FIRECALC  2042  DONE IN 2042                1.00      0.00   2000.00   1800.00   1500.00      0.10
                                                                    0.75   8000.00
               CMPU     FML       2042  DONE IN 2042                5.00
               CMPU     HTLIVE    2042  DONE IN 2042               10.00
               CMPU     CBD       2042  DONE IN 2042                0.07
               BASE     TREELIST  2042  DONE IN 2046               50.00      0.00

   9   2047
               CMPU     YR        2047  DONE IN 2047             2047.00
               CMPU     SDI       2047  DONE IN 2047              346.45
               CMPU     BA        2047  DONE IN 2047              142.07
               CMPU     TPA       2047  DONE IN 2047             1103.95
               CMPU     CANOPY    2047  DONE IN 2047               53.00
               CMPU     HTT       2047  DONE IN 2047               69.48
               FIRE     FIRECALC  2047  DONE IN 2047                1.00      0.00   2000.00   1800.00   1500.00      0.10
                                                                    0.75   8000.00
               CMPU     FML       2047  DONE IN 2047                5.00
               CMPU     HTLIVE    2047  DONE IN 2047               11.00
               CMPU     CBD       2047  DONE IN 2047                0.07
               BASE     TREELIST  2047  DONE IN 2051               50.00      0.00

  10   2052
               CMPU     YR        2052  DONE IN 2052             2052.00
               CMPU     SDI       2052  DONE IN 2052              339.84
               CMPU     BA        2052  DONE IN 2052              143.39
               CMPU     TPA       2052  DONE IN 2052              964.55
               CMPU     CANOPY    2052  DONE IN 2052               52.00
               CMPU     HTT       2052  DONE IN 2052               70.93
               FIRE     FIRECALC  2052  DONE IN 2052                1.00      0.00   2000.00   1800.00   1500.00      0.10
                                                                    0.75   8000.00
               CMPU     FML       2052  DONE IN 2052                5.00
               CMPU     HTLIVE    2052  DONE IN 2052               12.00
               CMPU     CBD       2052  DONE IN 2052                0.08
               BASE     TREELIST  2052  DONE IN 2056               50.00      0.00

  11   2057
               CMPU     YR        2057  DONE IN 2057             2057.00
               CMPU     SDI       2057  DONE IN 2057              344.44
               CMPU     BA        2057  DONE IN 2057              148.63
               CMPU     TPA       2057  DONE IN 2057              892.29
               CMPU     CANOPY    2057  DONE IN 2057               52.00
               CMPU     HTT       2057  DONE IN 2057               72.34
               FIRE     FIRECALC  2057  DONE IN 2057                1.00      0.00   2000.00   1800.00   1500.00      0.10
                                                                    0.75   8000.00
               CMPU     FML       2057  DONE IN 2057                5.00
               CMPU     HTLIVE    2057  DONE IN 2057               13.00
               CMPU     CBD       2057  DONE IN 2057                0.08
               BASE     TREELIST  2057  DONE IN 2061               50.00      0.00

  12   2062
               CMPU     YR        2062  DONE IN 2062             2062.00
               CMPU     SDI       2062  DONE IN 2062              338.47
               CMPU     BA        2062  DONE IN 2062              149.92
               CMPU     TPA       2062  DONE IN 2062              788.53
               CMPU     CANOPY    2062  DONE IN 2062               51.00
               CMPU     HTT       2062  DONE IN 2062               73.50
               FIRE     FIRECALC  2062  DONE IN 2062                1.00      0.00   2000.00   1800.00   1500.00      0.10
                                                                    0.75   8000.00
               CMPU     FML       2062  DONE IN 2062                5.00
               CMPU     HTLIVE    2062  DONE IN 2062               13.00
               CMPU     CBD       2062  DONE IN 2062                0.08
               BASE     TREELIST  2062  DONE IN 2066               50.00      0.00

  13   2067
               CMPU     YR        2067  DONE IN 2067             2067.00
               CMPU     SDI       2067  DONE IN 2067              342.47
               CMPU     BA        2067  DONE IN 2067              154.76
               CMPU     TPA       2067  DONE IN 2067              735.43
               CMPU     CANOPY    2067  DONE IN 2067               51.00
               CMPU     HTT       2067  DONE IN 2067               74.80
               FIRE     FIRECALC  2067  DONE IN 2067                1.00      0.00   2000.00   1800.00   1500.00      0.10
                                                                    0.75   8000.00
               CMPU     FML       2067  DONE IN 2067                5.00
               CMPU     HTLIVE    2067  DONE IN 2067               14.00
               CMPU     CBD       2067  DONE IN 2067                0.08
               BASE     TREELIST  2067  DONE IN 2071               50.00      0.00

  14   2072
               CMPU     YR        2072  DONE IN 2072             2072.00
               CMPU     SDI       2072  DONE IN 2072              337.12
               CMPU     BA        2072  DONE IN 2072              155.97
               CMPU     TPA       2072  DONE IN 2072              657.90
               CMPU     CANOPY    2072  DONE IN 2072               50.00
               CMPU     HTT       2072  DONE IN 2072               76.04
               FIRE     FIRECALC  2072  DONE IN 2072                1.00      0.00   2000.00   1800.00   1500.00      0.10
                                                                    0.75   8000.00
               CMPU     FML       2072  DONE IN 2072                5.00
               CMPU     HTLIVE    2072  DONE IN 2072               15.00
               CMPU     CBD       2072  DONE IN 2072                0.08
               BASE     TREELIST  2072  DONE IN 2076               50.00      0.00

  15   2077
               CMPU     YR        2077  DONE IN 2077             2077.00
               CMPU     SDI       2077  DONE IN 2077              335.87
               CMPU     BA        2077  DONE IN 2077              158.66
               CMPU     TPA       2077  DONE IN 2077              602.24
               CMPU     CANOPY    2077  DONE IN 2077               50.00
               CMPU     HTT       2077  DONE IN 2077               77.08
               FIRE     FIRECALC  2077  DONE IN 2077                1.00      0.00   2000.00   1800.00   1500.00      0.10
                                                                    0.75   8000.00
               CMPU     FML       2077  DONE IN 2077                5.00
               CMPU     HTLIVE    2077  DONE IN 2077               15.00
               CMPU     CBD       2077  DONE IN 2077                0.08
               BASE     TREELIST  2077  DONE IN 2081               50.00      0.00

  16   2082
               CMPU     YR        2082  DONE IN 2082             2082.00
               CMPU     SDI       2082  DONE IN 2082              339.86
               CMPU     BA        2082  DONE IN 2082              163.40
               CMPU     TPA       2082  DONE IN 2082              567.40
               CMPU     CANOPY    2082  DONE IN 2082               50.00
               CMPU     HTT       2082  DONE IN 2082               78.09
               FIRE     FIRECALC  2082  DONE IN 2082                1.00      0.00   2000.00   1800.00   1500.00      0.10
                                                                    0.75   8000.00
               CMPU     FML       2082  DONE IN 2082                5.00
               CMPU     HTLIVE    2082  DONE IN 2082               16.00
               CMPU     CBD       2082  DONE IN 2082                0.08
               BASE     TREELIST  2082  DONE IN 2086               50.00      0.00

  17   2087
               CMPU     YR        2087  DONE IN 2087             2087.00
               CMPU     SDI       2087  DONE IN 2087              335.49
               CMPU     BA        2087  DONE IN 2087              164.80
               CMPU     TPA       2087  DONE IN 2087              513.26
               CMPU     CANOPY    2087  DONE IN 2087               49.00
               CMPU     HTT       2087  DONE IN 2087               78.93
               FIRE     FIRECALC  2087  DONE IN 2087                1.00      0.00   2000.00   1800.00   1500.00      0.10
                                                                    0.75   8000.00
               CMPU     FML       2087  DONE IN 2087                5.00
               CMPU     HTLIVE    2087  DONE IN 2087               17.00
               CMPU     CBD       2087  DONE IN 2087                0.09
               BASE     TREELIST  2087  DONE IN 2091               50.00      0.00

  18   2092
               CMPU     YR        2092  DONE IN 2092             2092.00
               CMPU     SDI       2092  DONE IN 2092              334.35
               CMPU     BA        2092  DONE IN 2092              167.38
               CMPU     TPA       2092  DONE IN 2092              473.66
               CMPU     CANOPY    2092  DONE IN 2092               49.00
               CMPU     HTT       2092  DONE IN 2092               79.82
               FIRE     FIRECALC  2092  DONE IN 2092                1.00      0.00   2000.00   1800.00   1500.00      0.10
                                                                    0.75   8000.00
               CMPU     FML       2092  DONE IN 2092                5.00
               CMPU     HTLIVE    2092  DONE IN 2092               17.00
               CMPU     CBD       2092  DONE IN 2092                0.09
               BASE     TREELIST  2092  DONE IN 2096               50.00      0.00

  19   2097
               CMPU     YR        2097  DONE IN 2097             2097.00
               CMPU     SDI       2097  DONE IN 2097              333.82
               CMPU     BA        2097  DONE IN 2097              170.16
               CMPU     TPA       2097  DONE IN 2097              439.48
               CMPU     CANOPY    2097  DONE IN 2097               49.00
               CMPU     HTT       2097  DONE IN 2097               80.49
               FIRE     FIRECALC  2097  DONE IN 2097                1.00      0.00   2000.00   1800.00   1500.00      0.10
                                                                    0.75   8000.00
               CMPU     FML       2097  DONE IN 2097                5.00
               CMPU     HTLIVE    2097  DONE IN 2097               18.00
               CMPU     CBD       2097  DONE IN 2097                0.09
               BASE     TREELIST  2097  DONE IN 2101               50.00      0.00

  20   2102
               CMPU     YR        2102  DONE IN 2102             2102.00
               CMPU     SDI       2102  DONE IN 2102              333.35
               CMPU     BA        2102  DONE IN 2102              172.89
               CMPU     TPA       2102  DONE IN 2102              408.99
               CMPU     CANOPY    2102  DONE IN 2102               49.00
               CMPU     HTT       2102  DONE IN 2102               81.27
               FIRE     FIRECALC  2102  DONE IN 2102                1.00      0.00   2000.00   1800.00   1500.00      0.10
                                                                    0.75   8000.00
               CMPU     FML       2102  DONE IN 2102                5.00
               CMPU     HTLIVE    2102  DONE IN 2102               19.00
               CMPU     CBD       2102  DONE IN 2102                0.09
               BASE     TREELIST  2102  DONE IN 2106               50.00      0.00
----------------------------------------------------------------------------------------------------------------------------------


--------------------------------------------------------------------------------------------------------------------------
                                          ******  FIRE MODEL VERSION 1.0 ******
                                                    ALL FUELS REPORT
STAND ID: 49                            MGMT ID:
--------------------------------------------------------------------------------------------------------------------------
                                                    ESTIMATED FUEL LOADINGS
                     SURFACE FUEL (TONS/ACRE)                           STANDING WOOD (TONS/ACRE)
     -----------------------------------------------------------  -----------------------------------
                    DEAD FUEL                      LIVE               DEAD            LIVE
     -----------------------------------------  ---------- SURF   -----------   ---------------        TOTAL TOTAL BIOMASS
YEAR LITT.  DUFF  0-3"   >3"  3-6" 6-12"  >12"  HERB SHRUB TOTAL   0-3"   >3"   FOL  0-3"   >3" TOTAL BIOMASS CONS REMOVED
--------------------------------------------------------------------------------------------------------------------------
2007  0.49   3.8   4.5   0.8   0.5   0.3   0.0  0.50  0.50  10.6   0.00   0.0   1.5   3.0    18    22    33     0      0
2008  0.73   3.8   4.1   0.8   0.5   0.3   0.0  0.50  0.50  10.4   0.00   0.0   1.5   3.0    18    22    33     0      0
2009  0.85   3.8   3.7   0.8   0.5   0.3   0.0  0.50  0.50  10.2   0.00   0.0   1.5   3.0    18    22    32     0      0
2010  0.91   3.8   3.4   0.8   0.5   0.3   0.0  0.50  0.50   9.9   0.00   0.0   1.5   3.0    18    22    32     0      0
2011  0.94   3.8   3.1   0.7   0.5   0.2   0.0  0.50  0.50   9.6   0.00   0.0   1.5   3.0    18    22    32     0      0
2012  1.08   3.8   2.9   0.7   0.5   0.2   0.0  0.50  0.50   9.5   0.00   0.0   1.9   4.0    20    26    36     0      0
2013  1.15   3.9   2.7   0.7   0.5   0.2   0.0  0.50  0.50   9.4   0.00   0.0   1.9   4.0    20    26    35     0      0
2014  1.18   3.9   2.5   0.7   0.5   0.2   0.0  0.50  0.50   9.2   0.00   0.0   1.9   4.0    20    26    35     0      0
2015  1.20   3.9   2.3   0.7   0.5   0.2   0.0  0.50  0.50   9.1   0.00   0.0   1.9   4.0    20    26    35     0      0
2016  1.21   3.9   2.2   0.7   0.5   0.2   0.0  0.50  0.50   9.0   0.00   0.0   1.9   4.0    20    26    35     0      0
2017  1.35   3.9   2.1   0.7   0.5   0.2   0.0  0.50  0.50   9.0   0.14   0.3   2.2   5.0    23    30    39     0      0
2018  1.42   3.9   2.0   0.7   0.5   0.2   0.0  0.50  0.50   9.1   0.09   0.3   2.2   5.0    23    30    39     0      0
2019  1.43   3.9   2.0   0.7   0.5   0.2   0.0  0.50  0.50   9.0   0.06   0.3   2.2   5.0    23    30    39     0      0
2020  1.44   3.9   1.9   0.7   0.5   0.2   0.0  0.50  0.50   9.0   0.03   0.3   2.2   5.0    23    30    39     0      0
2021  1.44   3.9   1.9   0.8   0.5   0.3   0.0  0.50  0.50   9.0   0.01   0.2   2.2   5.0    23    30    39     0      0
2022  1.54   3.9   1.8   0.8   0.5   0.3   0.0  0.50  0.50   9.1   0.23   0.7   2.4   6.7    25    35    44     0      0
2023  1.58   4.0   1.8   0.8   0.6   0.3   0.0  0.50  0.50   9.2   0.15   0.6   2.4   6.7    25    35    44     0      0
2024  1.57   4.0   1.8   0.9   0.6   0.3   0.0  0.50  0.50   9.2   0.11   0.5   2.4   6.7    25    35    44     0      0
2025  1.57   4.0   1.8   0.9   0.6   0.3   0.0  0.50  0.50   9.3   0.06   0.5   2.4   6.7    25    35    44     0      0
2026  1.56   4.0   1.8   0.9   0.6   0.3   0.0  0.50  0.50   9.3   0.02   0.4   2.4   6.7    25    35    44     0      0
2027  1.65   4.0   1.8   1.0   0.7   0.3   0.0  0.50  0.50   9.4   0.30   0.8   2.6   7.1    28    39    48     0      0
2028  1.70   4.0   1.8   1.1   0.7   0.4   0.0  0.50  0.50   9.5   0.22   0.7   2.6   7.1    28    39    48     0      0
2029  1.69   4.0   1.7   1.1   0.7   0.4   0.0  0.50  0.50   9.5   0.17   0.7   2.6   7.1    28    38    48     0      0
2030  1.68   4.0   1.7   1.1   0.7   0.4   0.0  0.50  0.50   9.6   0.12   0.6   2.6   7.1    28    38    48     0      0
2031  1.68   4.1   1.7   1.2   0.7   0.4   0.0  0.50  0.50   9.6   0.08   0.5   2.6   7.1    28    38    48     0      0
2032  1.76   4.1   1.7   1.2   0.8   0.4   0.0  0.50  0.50   9.8   0.35   0.9   2.8   7.7    31    43    52     0      0
2033  1.80   4.1   1.7   1.3   0.8   0.5   0.0  0.50  0.50   9.9   0.26   0.8   2.8   7.7    31    43    52     0      0
2034  1.79   4.1   1.7   1.3   0.8   0.5   0.0  0.50  0.50   9.9   0.21   0.7   2.8   7.7    31    42    52     0      0
2035  1.79   4.1   1.7   1.4   0.8   0.5   0.0  0.50  0.50  10.0   0.16   0.7   2.8   7.7    31    42    52     0      0
2036  1.78   4.1   1.7   1.4   0.9   0.5   0.0  0.50  0.50  10.0   0.11   0.6   2.8   7.7    31    42    52     0      0
2037  1.86   4.1   1.7   1.5   0.9   0.6   0.0  0.50  0.50  10.1   0.37   1.0   2.9   8.5    35    47    57     0      0
2038  1.89   4.2   1.7   1.5   0.9   0.6   0.0  0.50  0.50  10.2   0.29   0.9   2.9   8.5    35    47    57     0      0
2039  1.88   4.2   1.7   1.5   0.9   0.6   0.0  0.50  0.50  10.3   0.23   0.8   2.9   8.5    35    47    57     0      0
2040  1.88   4.2   1.7   1.6   0.9   0.6   0.0  0.50  0.50  10.3   0.18   0.7   2.9   8.5    35    47    57     0      0
2041  1.87   4.2   1.7   1.6   1.0   0.7   0.0  0.50  0.50  10.4   0.13   0.7   2.9   8.5    35    47    57     0      0
2042  1.96   4.2   1.7   1.7   1.0   0.7   0.0  0.50  0.50  10.5   0.40   1.0   3.1   9.1    38    51    62     0      0
2043  2.00   4.2   1.7   1.7   1.0   0.7   0.0  0.50  0.50  10.6   0.32   1.0   3.1   9.1    38    51    62     0      0
2044  1.99   4.2   1.7   1.8   1.0   0.8   0.0  0.50  0.50  10.7   0.26   0.9   3.1   9.1    38    51    62     0      0
2045  1.99   4.3   1.7   1.8   1.0   0.8   0.0  0.50  0.50  10.8   0.21   0.8   3.1   9.1    38    51    62     0      0
2046  1.99   4.3   1.7   1.9   1.1   0.8   0.0  0.50  0.50  10.8   0.16   0.7   3.1   9.1    38    51    62     0      0
2047  2.07   4.3   1.8   2.0   1.1   0.9   0.0  0.50  0.50  11.1   0.75   1.6   3.2   9.7    40    56    67     0      0
2048  2.11   4.3   1.8   2.1   1.1   0.9   0.0  0.50  0.50  11.3   0.58   1.5   3.2   9.7    40    55    67     0      0
2049  2.07   4.3   1.9   2.1   1.2   1.0   0.0  0.50  0.50  11.4   0.47   1.4   3.2   9.7    40    55    67     0      0
2050  2.05   4.3   1.9   2.2   1.2   1.0   0.0  0.50  0.50  11.5   0.37   1.2   3.2   9.7    40    55    66     0      0
2051  2.04   4.4   1.9   2.3   1.2   1.0   0.0  0.50  0.50  11.6   0.26   1.1   3.2   9.7    40    55    66     0      0
2052  2.12   4.4   2.1   2.4   1.3   1.1   0.0  0.50  0.50  12.0   1.24   2.8   3.2   9.7    42    59    71     0      0
2053  2.17   4.4   2.2   2.6   1.3   1.2   0.0  0.50  0.50  12.3   0.96   2.5   3.2   9.7    42    59    71     0      0
2054  2.09   4.4   2.2   2.7   1.4   1.3   0.0  0.50  0.50  12.5   0.78   2.3   3.2   9.7    42    58    71     0      0
2055  2.06   4.4   2.3   2.9   1.4   1.4   0.0  0.50  0.50  12.7   0.60   2.1   3.2   9.7    42    58    71     0      0
2056  2.04   4.5   2.4   3.0   1.5   1.5   0.0  0.50  0.50  12.8   0.43   2.0   3.2   9.7    42    58    71     0      0
2057  2.12   4.5   2.4   3.2   1.5   1.6   0.0  0.50  0.50  13.1   0.96   2.9   3.3  10.3    45    62    76     0      0
2058  2.16   4.5   2.3   3.3   1.6   1.7   0.0  0.50  0.50  13.3   0.77   2.7   3.3  10.3    45    62    75     0      0
2059  2.13   4.5   2.3   3.5   1.7   1.8   0.0  0.50  0.50  13.4   0.64   2.4   3.3  10.3    45    62    75     0      0
2060  2.11   4.5   2.3   3.6   1.7   1.8   0.0  0.50  0.50  13.5   0.52   2.2   3.3  10.3    45    61    75     0      0
2061  2.10   4.6   2.3   3.7   1.7   1.9   0.0  0.50  0.50  13.6   0.40   2.0   3.3  10.3    45    61    75     0      0
2062  2.18   4.6   2.4   3.9   1.8   2.0   0.1  0.50  0.50  14.1   1.35   3.7   3.3  10.3    47    65    79     0      0
2063  2.22   4.6   2.5   4.1   1.9   2.2   0.1  0.50  0.50  14.4   1.07   3.4   3.3  10.3    47    65    79     0      0
2064  2.15   4.6   2.6   4.3   1.9   2.3   0.1  0.50  0.50  14.6   0.88   3.1   3.3  10.3    47    64    79     0      0
2065  2.12   4.6   2.6   4.5   2.0   2.4   0.1  0.50  0.50  14.8   0.69   2.9   3.3  10.3    47    64    79     0      0
2066  2.10   4.6   2.7   4.6   2.1   2.5   0.1  0.50  0.50  15.0   0.51   2.7   3.3  10.3    47    64    79     0      0
2067  2.18   4.7   2.6   4.8   2.1   2.6   0.1  0.50  0.50  15.3   1.02   3.6   3.4  10.8    49    68    84     0      0
2068  2.22   4.7   2.6   5.0   2.2   2.7   0.1  0.50  0.50  15.5   0.83   3.3   3.4  10.8    49    68    83     0      0
2069  2.19   4.7   2.6   5.1   2.2   2.8   0.1  0.50  0.50  15.6   0.70   3.0   3.4  10.8    49    67    83     0      0
2070  2.18   4.7   2.5   5.3   2.3   2.9   0.1  0.50  0.50  15.7   0.57   2.8   3.4  10.8    49    67    83     0      0
2071  2.17   4.7   2.5   5.4   2.3   3.0   0.1  0.50  0.50  15.8   0.45   2.5   3.4  10.8    49    67    82     0      0
2072  2.25   4.8   2.6   5.7   2.4   3.1   0.1  0.50  0.50  16.2   1.36   4.2   3.4  10.8    51    71    87     0      0
2073  2.29   4.8   2.6   5.9   2.5   3.3   0.1  0.50  0.50  16.6   1.08   3.9   3.4  10.8    51    70    87     0      0
2074  2.23   4.8   2.7   6.1   2.5   3.4   0.1  0.50  0.50  16.8   0.89   3.6   3.4  10.8    51    70    87     0      0
2075  2.20   4.8   2.7   6.2   2.6   3.5   0.1  0.50  0.50  17.0   0.71   3.3   3.4  10.8    51    69    86     0      0
2076  2.18   4.9   2.8   6.4   2.6   3.6   0.1  0.50  0.50  17.2   0.53   3.0   3.4  10.8    51    69    86     0      0
2077  2.26   4.9   2.8   6.6   2.7   3.8   0.2  0.50  0.50  17.5   1.22   4.4   3.5  11.2    53    73    91     0      0
2078  2.30   4.9   2.8   6.9   2.8   3.9   0.2  0.50  0.50  17.8   0.99   4.0   3.5  11.2    53    73    90     0      0
2079  2.25   4.9   2.8   7.0   2.8   4.0   0.2  0.50  0.50  18.0   0.82   3.7   3.5  11.2    53    72    90     0      0
2080  2.23   4.9   2.8   7.2   2.9   4.1   0.2  0.50  0.50  18.2   0.66   3.3   3.5  11.2    53    72    90     0      0
2081  2.22   5.0   2.7   7.4   3.0   4.2   0.2  0.50  0.50  18.3   0.50   3.0   3.5  11.2    53    71    90     0      0
2082  2.28   5.0   2.7   7.6   3.0   4.4   0.2  0.30  0.40  18.3   0.96   3.9   3.6  10.9    56    76    94     0      0
2083  2.32   5.0   2.7   7.8   3.1   4.5   0.2  0.30  0.40  18.5   0.78   3.6   3.6  10.9    56    75    94     0      0
2084  2.29   5.0   2.7   7.9   3.1   4.6   0.2  0.30  0.40  18.6   0.65   3.3   3.6  10.9    56    75    93     0      0
2085  2.27   5.0   2.7   8.1   3.1   4.7   0.3  0.30  0.40  18.7   0.51   3.1   3.6  10.9    56    74    93     0      0
2086  2.27   5.1   2.6   8.2   3.2   4.7   0.3  0.30  0.40  18.8   0.38   2.8   3.6  10.9    56    74    93     0      0
2087  2.35   5.1   2.7   8.4   3.2   4.9   0.3  0.30  0.40  19.2   1.26   4.6   3.6  11.0    58    78    97     0      0
2088  2.39   5.1   2.7   8.6   3.3   5.0   0.3  0.30  0.40  19.6   0.99   4.3   3.6  11.0    58    77    97     0      0
2089  2.33   5.1   2.7   8.8   3.3   5.2   0.3  0.30  0.40  19.7   0.81   3.9   3.6  11.0    58    77    97     0      0
2090  2.31   5.2   2.8   9.0   3.4   5.3   0.3  0.30  0.40  19.9   0.63   3.6   3.6  11.0    58    76    96     0      0
2091  2.29   5.2   2.8   9.1   3.4   5.4   0.4  0.30  0.40  20.1   0.46   3.3   3.6  11.0    58    76    96     0      0
2092  2.36   5.2   2.8   9.4   3.5   5.5   0.4  0.30  0.40  20.4   0.98   4.9   3.7  11.2    59    80   100     0      0
2093  2.40   5.2   2.8   9.6   3.5   5.7   0.4  0.30  0.40  20.7   0.76   4.5   3.7  11.2    59    79   100     0      0
2094  2.35   5.2   2.8   9.8   3.6   5.8   0.4  0.30  0.40  20.9   0.61   4.2   3.7  11.2    59    79   100     0      0
2095  2.33   5.3   2.8   9.9   3.6   5.9   0.5  0.30  0.40  21.0   0.47   3.8   3.7  11.2    59    78    99     0      0
2096  2.32   5.3   2.7  10.1   3.6   6.0   0.5  0.30  0.40  21.1   0.32   3.5   3.7  11.2    59    78    99     0      0
2097  2.38   5.3   2.8  10.3   3.7   6.1   0.5  0.30  0.40  21.5   0.84   5.1   3.7  11.7    61    82   104     0      0
2098  2.42   5.3   2.8  10.5   3.7   6.2   0.6  0.30  0.40  21.7   0.64   4.6   3.7  11.7    61    81   103     0      0
2099  2.37   5.4   2.8  10.7   3.7   6.4   0.6  0.30  0.40  21.9   0.51   4.3   3.7  11.7    61    81   103     0      0
2100  2.35   5.4   2.8  10.8   3.8   6.4   0.6  0.30  0.40  22.0   0.38   3.9   3.7  11.7    61    80   102     0      0
2101  2.34   5.4   2.7  10.9   3.8   6.5   0.6  0.30  0.40  22.1   0.24   3.6   3.7  11.7    61    80   102     0      0
2102  2.41   5.4   2.8  11.2   3.8   6.7   0.7  0.30  0.40  22.5   0.77   5.1   3.7  11.3    63    84   106     0      0
2103  2.44   5.5   2.8  11.4   3.9   6.8   0.7  0.30  0.40  22.7   0.59   4.7   3.7  11.3    63    83   106     0      0
2104  2.39   5.5   2.8  11.5   3.9   6.9   0.7  0.30  0.40  22.8   0.46   4.3   3.7  11.3    63    83   106     0      0
2105  2.37   5.5   2.7  11.7   3.9   7.0   0.8  0.30  0.40  23.0   0.33   4.0   3.7  11.3    63    82   105     0      0
2106  2.36   5.5   2.7  11.8   3.9   7.0   0.8  0.30  0.40  23.1   0.20   3.7   3.7  11.3    63    82   105     0      0

Structural statistics for stand: 49                          MgmtID:

        ------------ Stratum 1 ------------ ------------ Stratum 2 ------------ ------------ Stratum 3 ------------
     Rm       ---Height-- -Crown- -Major- C       ---Height-- -Crown- -Major- C       ---Height-- -Crown- -Major- C N Tot Struc
Year Cd  DBH  Nom  Lg  Sm Bas Cov Sp1 Sp2 D  DBH  Nom  Lg  Sm Bas Cov Sp1 Sp2 D  DBH  Nom  Lg  Sm Bas Cov Sp1 Sp2 D S Cov Class
---- -- ----- --- --- --- --- --- --- --- - ----- --- --- --- --- --- --- --- - ----- --- --- --- --- --- --- --- - - --- -----
2007  0   8.4  55  77  38  31  23 LP  PP  2   8.5  26  26  26   9   3 PP  --  0   1.0   6  10   1   1   6 LP  PP  0 1  30  2=SE
2007  1   8.4  55  77  38  31  23 LP  PP  2   8.5  26  26  26   9   3 PP  --  0   1.0   6  10   1   1   6 LP  PP  0 1  30  2=SE
2012  0   9.6  52  79  28  31  27 LP  PP  2   2.4  10  11   3   3  10 LP  PP  0   0.0   0   0   0   0   0 --  --  0 1  34  2=SE
2012  1   9.6  52  79  28  31  27 LP  PP  2   2.4  10  11   3   3  10 LP  PP  0   0.0   0   0   0   0   0 --  --  0 1  34  2=SE
2017  0  11.7  73  80  30  32  28 LP  PP  2   2.3  14  14   4   5  17 LP  PP  0   0.0   0   0   0   0   0 --  --  0 1  40  2=SE
2017  1  11.7  73  80  30  32  28 LP  PP  2   2.3  14  14   4   5  17 LP  PP  0   0.0   0   0   0   0   0 --  --  0 1  40  2=SE
2022  0  12.4  74  82  32  33  29 LP  PP  2   2.2  12  16   6   7  22 LP  PP  1   0.0   0   0   0   0   0 --  --  0 2  45  3=UR
2022  1  12.4  74  82  32  33  29 LP  PP  2   2.2  12  16   6   7  22 LP  PP  1   0.0   0   0   0   0   0 --  --  0 2  45  3=UR
2027  0  12.8  75  83  34  34  30 LP  PP  2   2.5  13  18   7   8  25 LP  PP  1   0.0   0   0   0   0   0 --  --  0 2  47  3=UR
2027  1  12.8  75  83  34  34  30 LP  PP  2   2.5  13  18   7   8  25 LP  PP  1   0.0   0   0   0   0   0 --  --  0 2  47  3=UR
2032  0  13.1  78  84  36  36  30 LP  PP  2   2.9  17  19   7   9  27 LP  PP  1   0.0   0   0   0   0   0 --  --  0 2  49  3=UR
2032  1  13.1  78  84  36  36  30 LP  PP  2   2.9  17  19   7   9  27 LP  PP  1   0.0   0   0   0   0   0 --  --  0 2  49  3=UR
2037  0  13.0  76  85  38  37  31 LP  PP  2   3.1  17  21   8  10  29 LP  PP  1   0.0   0   0   0   0   0 --  --  0 2  51  3=UR
2037  1  13.0  76  85  38  37  31 LP  PP  2   3.1  17  21   8  10  29 LP  PP  1   0.0   0   0   0   0   0 --  --  0 2  51  3=UR
2042  0  13.2  76  85  40  38  32 LP  PP  2   3.7  19  22   9  11  31 LP  PP  1   0.0   0   0   0   0   0 --  --  0 2  53  3=UR
2042  1  13.2  76  85  40  38  32 LP  PP  2   3.7  19  22   9  11  31 LP  PP  1   0.0   0   0   0   0   0 --  --  0 2  53  3=UR
2047  0  13.8  80  86  42  40  32 LP  PP  2   4.3  22  23  10  12  31 LP  PP  1   0.0   0   0   0   0   0 --  --  0 2  53  3=UR
2047  1  13.8  80  86  42  40  32 LP  PP  2   4.3  22  23  10  12  31 LP  PP  1   0.0   0   0   0   0   0 --  --  0 2  53  3=UR
2052  0  13.9  80  86  44  41  32 LP  PP  2   4.9  23  24  10  13  29 LP  PP  1   0.0   0   0   0   0   0 --  --  0 2  52  3=UR
2052  1  13.9  80  86  44  41  32 LP  PP  2   4.9  23  24  10  13  29 LP  PP  1   0.0   0   0   0   0   0 --  --  0 2  52  3=UR
2057  0  14.2  81  86  47  42  33 LP  PP  2   5.2  25  25  11  14  29 LP  PP  1   0.0   0   0   0   0   0 --  --  0 2  52  3=UR
2057  1  14.2  81  86  47  42  33 LP  PP  2   5.2  25  25  11  14  29 LP  PP  1   0.0   0   0   0   0   0 --  --  0 2  52  3=UR
2062  0  14.4  82  86  49  43  33 LP  PP  2   5.4  24  26  12  14  27 LP  PP  1   0.0   0   0   0   0   0 --  --  0 2  51  3=UR
2062  1  14.4  82  86  49  43  33 LP  PP  2   5.4  24  26  12  14  27 LP  PP  1   0.0   0   0   0   0   0 --  --  0 2  51  3=UR
2067  0  14.8  83  86  51  44  33 LP  PP  2   5.7  24  27  12  15  27 LP  PP  1   0.0   0   0   0   0   0 --  --  0 2  51  3=UR
2067  1  14.8  83  86  51  44  33 LP  PP  2   5.7  24  27  12  15  27 LP  PP  1   0.0   0   0   0   0   0 --  --  0 2  51  3=UR
2072  0  15.3  84  86  53  44  33 LP  PP  2   6.3  26  28  13  16  26 LP  PP  1   0.0   0   0   0   0   0 --  --  0 2  50  3=UR
2072  1  15.3  84  86  53  44  33 LP  PP  2   6.3  26  28  13  16  26 LP  PP  1   0.0   0   0   0   0   0 --  --  0 2  50  3=UR
2077  0  15.9  85  86  56  45  33 LP  PP  2   6.6  27  29  14  16  25 LP  PP  1   0.0   0   0   0   0   0 --  --  0 2  50  3=UR
2077  1  15.9  85  86  56  45  33 LP  PP  2   6.6  27  29  14  16  25 LP  PP  1   0.0   0   0   0   0   0 --  --  0 2  50  3=UR
2082  0  16.3  85  86  58  46  34 LP  PP  2   6.9  28  29  14  17  25 LP  PP  1   0.0   0   0   0   0   0 --  --  0 2  50  6=OM
2082  1  16.3  85  86  58  46  34 LP  PP  2   6.9  28  29  14  17  25 LP  PP  1   0.0   0   0   0   0   0 --  --  0 2  50  6=OM
2087  0  16.8  83  86  60  46  34 LP  PP  2   7.2  29  30  15  17  24 LP  PP  1   0.0   0   0   0   0   0 --  --  0 2  49  6=OM
2087  1  16.8  83  86  60  46  34 LP  PP  2   7.2  29  30  15  17  24 LP  PP  1   0.0   0   0   0   0   0 --  --  0 2  49  6=OM
2092  0  17.2  75  86  62  47  34 LP  PP  2   7.6  30  31  15  18  24 LP  PP  1   0.0   0   0   0   0   0 --  --  0 2  49  6=OM
2092  1  17.2  75  86  62  47  34 LP  PP  2   7.6  30  31  15  18  24 LP  PP  1   0.0   0   0   0   0   0 --  --  0 2  49  6=OM
2097  0  17.7  79  86  64  48  34 LP  PP  2   7.9  31  32  16  18  23 LP  PP  1   0.0   0   0   0   0   0 --  --  0 2  49  6=OM
2097  1  17.7  79  86  64  48  34 LP  PP  2   7.9  31  32  16  18  23 LP  PP  1   0.0   0   0   0   0   0 --  --  0 2  49  6=OM
2102  0  18.2  78  86  66  48  34 LP  PP  2   8.3  32  33  17  19  23 LP  PP  1   0.0   0   0   0   0   0 --  --  0 2  49  6=OM
2102  1  18.2  78  86  66  48  34 LP  PP  2   8.3  32  33  17  19  23 LP  PP  1   0.0   0   0   0   0   0 --  --  0 2  49  6=OM
2107  0  18.5  79  86  68  48  34 LP  PP  2   8.6  33  34  17  19  23 LP  PP  1   0.0   0   0   0   0   0 --  --  0 2  49  6=OM
